Ex1 (OOP) Simulator log: stage B4.json,  out.csv
0.0,OOP_Ex1_Elevator_Simulator
0.0,Simulated Building, Building [-10,100]
0) ex1.Elevator_A, Elev_, id,0,  speed, 1.0, open: 2.0,  start: 3.0, close: 2.0,  stop: 3.0
1) ex1.Elevator_A, Elev_, id,1,  speed, 2.0, open: 2.0,  start: 3.0, close: 2.0,  stop: 3.0
2) ex1.Elevator_A, Elev_, id,2,  speed, 8.0, open: 1.25,  start: 1.875, close: 1.25,  stop: 1.875
3) ex1.Elevator_A, Elev_, id,3,  speed, 6.0, open: 1.6666666666666667,  start: 2.5, close: 1.6666666666666667,  stop: 2.5
4) ex1.Elevator_A, Elev_, id,4,  speed, 2.0, open: 2.0,  start: 3.0, close: 2.0,  stop: 3.0

0.0,Simulated Period starTime,0.0,  endTime,1104.1840186,  dt,1.0
0.0,Simulated  calls,Elevator log, size: 100
0.0,**** Simulation starts!! ****
5.0,Elevator call,4.37472729,0,-1,1,2, got allocated to elevator, 2
5.0,Elev,2,  arrived at src, 0, Elevator call,4.37472729,0,-1,2,2
5.0, elevID,2,  pos,0,  cmd, goto,-1
12.0,Elev,2,  arrived at dest, -1, this call is done!, Elevator call,4.37472729,0,-1,3,2, Done, dt, 7.62527271
17.0,Elevator call,16.95788289,-1,0,1,2, got allocated to elevator, 2
17.0,Elev,2,  arrived at src, -1, Elevator call,16.95788289,-1,0,2,2
17.0, elevID,2,  pos,-1,  cmd, goto,0
23.0,Elevator call,22.0940563,0,-1,1,3, got allocated to elevator, 3
23.0,Elev,3,  arrived at src, 0, Elevator call,22.0940563,0,-1,2,3
23.0, elevID,3,  pos,0,  cmd, goto,-1
24.0,Elev,2,  arrived at dest, 0, this call is done!, Elevator call,16.95788289,-1,0,3,2, Done, dt, 7.0421171099999995
32.0,Elev,3,  arrived at dest, -1, this call is done!, Elevator call,22.0940563,0,-1,3,3, Done, dt, 9.905943700000002
86.0,Elevator call,85.52096662,3,2,1,2, got allocated to elevator, 2
86.0, elevID,2,  pos,0,  cmd, goto,3
92.0,Elevator call,91.21019413,-1,-2,1,3, got allocated to elevator, 3
92.0,Elev,3,  arrived at src, -1, Elevator call,91.21019413,-1,-2,2,3
92.0, elevID,3,  pos,-1,  cmd, goto,-2
93.0,Elev,2,  arrived at src, 3, Elevator call,85.52096662,3,2,2,2
93.0, elevID,2,  pos,3,  cmd, goto,2
100.0,Elev,2,  arrived at dest, 2, this call is done!, Elevator call,85.52096662,3,2,3,2, Done, dt, 14.479033380000004
101.0,Elev,3,  arrived at dest, -2, this call is done!, Elevator call,91.21019413,-1,-2,3,3, Done, dt, 9.789805869999995
105.0,Elevator call,104.1370124,0,4,1,0, got allocated to elevator, 0
105.0,Elev,0,  arrived at src, 0, Elevator call,104.1370124,0,4,2,0
105.0, elevID,0,  pos,0,  cmd, goto,4
110.0,Elevator call,109.2135291,-1,0,1,2, got allocated to elevator, 2
110.0, elevID,2,  pos,2,  cmd, goto,-1
115.0,Elevator call,114.392351,3,0,1,3, got allocated to elevator, 3
115.0, elevID,3,  pos,-2,  cmd, goto,3
117.0,Elev,2,  arrived at src, -1, Elevator call,109.2135291,-1,0,2,2
117.0, elevID,2,  pos,-1,  cmd, goto,0
119.0,Elev,0,  arrived at dest, 4, this call is done!, Elevator call,104.1370124,0,4,3,0, Done, dt, 14.862987599999997
124.0,Elev,2,  arrived at dest, 0, this call is done!, Elevator call,109.2135291,-1,0,3,2, Done, dt, 14.786470899999998
125.0,Elevator call,124.425571,0,9,1,2, got allocated to elevator, 2
125.0,Elev,2,  arrived at src, 0, Elevator call,124.425571,0,9,2,2
125.0, elevID,2,  pos,0,  cmd, goto,9
125.0,Elev,3,  arrived at src, 3, Elevator call,114.392351,3,0,2,3
125.0, elevID,3,  pos,3,  cmd, goto,0
131.0,Elevator call,130.0249568,8,10,1,0, got allocated to elevator, 0
131.0,Elevator call,130.2249113,-1,1,1,1, got allocated to elevator, 1
131.0, elevID,0,  pos,4,  cmd, goto,8
131.0, elevID,1,  pos,0,  cmd, goto,-1
133.0,Elev,2,  arrived at dest, 9, this call is done!, Elevator call,124.425571,0,9,3,2, Done, dt, 8.574428999999995
134.0,Elev,3,  arrived at dest, 0, this call is done!, Elevator call,114.392351,3,0,3,3, Done, dt, 19.607648999999995
138.0,Elevator call,137.9515274,0,4,1,3, got allocated to elevator, 3
138.0,Elev,3,  arrived at src, 0, Elevator call,137.9515274,0,4,2,3
138.0, elevID,3,  pos,0,  cmd, goto,4
142.0,Elev,1,  arrived at src, -1, Elevator call,130.2249113,-1,1,2,1
142.0, elevID,1,  pos,-1,  cmd, goto,1
144.0,Elevator call,143.9133584,0,6,1,4, got allocated to elevator, 4
144.0,Elev,4,  arrived at src, 0, Elevator call,143.9133584,0,6,2,4
144.0, elevID,4,  pos,0,  cmd, goto,6
145.0,Elev,0,  arrived at src, 8, Elevator call,130.0249568,8,10,2,0
145.0, elevID,0,  pos,8,  cmd, goto,10
147.0,Elev,3,  arrived at dest, 4, this call is done!, Elevator call,137.9515274,0,4,3,3, Done, dt, 9.048472599999997
153.0,Elev,1,  arrived at dest, 1, this call is done!, Elevator call,130.2249113,-1,1,3,1, Done, dt, 22.775088699999998
157.0,Elev,0,  arrived at dest, 10, this call is done!, Elevator call,130.0249568,8,10,3,0, Done, dt, 26.975043199999988
157.0,Elev,4,  arrived at dest, 6, this call is done!, Elevator call,143.9133584,0,6,3,4, Done, dt, 13.086641600000007
170.0,Elevator call,169.7845834,-1,0,1,3, got allocated to elevator, 3
170.0, elevID,3,  pos,4,  cmd, goto,-1
171.0,Elevator call,170.0099621,0,6,1,2, got allocated to elevator, 2
171.0, elevID,2,  pos,9,  cmd, goto,0
172.0,Elevator call,171.2117332,-1,8,1,1, got allocated to elevator, 1
172.0, elevID,1,  pos,1,  cmd, goto,-1
175.0,Elevator call,174.8438515,0,-1,1,4, got allocated to elevator, 4
175.0, elevID,4,  pos,6,  cmd, goto,0
179.0,Elev,2,  arrived at src, 0, Elevator call,170.0099621,0,6,2,2
179.0, elevID,2,  pos,0,  cmd, goto,6
180.0,Elev,3,  arrived at src, -1, Elevator call,169.7845834,-1,0,2,3
180.0, elevID,3,  pos,-1,  cmd, goto,0
183.0,Elev,1,  arrived at src, -1, Elevator call,171.2117332,-1,8,2,1
183.0, elevID,1,  pos,-1,  cmd, goto,8
186.0,Elev,2,  arrived at dest, 6, this call is done!, Elevator call,170.0099621,0,6,3,2, Done, dt, 15.990037900000004
188.0,Elevator call,187.1167862,-1,-2,1,2, got allocated to elevator, 2
188.0,Elevator call,187.7299318,-1,-2,1,2, got allocated to elevator, 2
188.0, elevID,2,  pos,6,  cmd, goto,-1
188.0,Elev,4,  arrived at src, 0, Elevator call,174.8438515,0,-1,2,4
188.0, elevID,4,  pos,0,  cmd, goto,-1
189.0,Elev,3,  arrived at dest, 0, this call is done!, Elevator call,169.7845834,-1,0,3,3, Done, dt, 19.215416599999998
196.0,Elevator call,195.9086965,0,7,1,3, got allocated to elevator, 3
196.0,Elev,2,  arrived at src, -1, Elevator call,187.1167862,-1,-2,2,2
196.0,Elev,2,  arrived at src, -1, Elevator call,187.7299318,-1,-2,2,2
196.0, elevID,2,  pos,-1,  cmd, goto,-2
196.0,Elev,3,  arrived at src, 0, Elevator call,195.9086965,0,7,2,3
196.0, elevID,3,  pos,0,  cmd, goto,7
198.0,Elevator call,197.5359191,-1,1,1,0, got allocated to elevator, 0
198.0, elevID,0,  pos,10,  cmd, goto,-1
198.0,Elev,1,  arrived at dest, 8, this call is done!, Elevator call,171.2117332,-1,8,3,1, Done, dt, 26.788266800000002
199.0,Elev,4,  arrived at dest, -1, this call is done!, Elevator call,174.8438515,0,-1,3,4, Done, dt, 24.1561485
203.0,Elev,2,  arrived at dest, -2, this call is done!, Elevator call,187.1167862,-1,-2,3,2, Done, dt, 15.883213799999993
203.0,Elev,2,  arrived at dest, -2, this call is done!, Elevator call,187.7299318,-1,-2,3,2, Done, dt, 15.270068199999997
206.0,Elevator call,205.9895199,-1,0,1,4, got allocated to elevator, 4
206.0,Elev,3,  arrived at dest, 7, this call is done!, Elevator call,195.9086965,0,7,3,3, Done, dt, 10.09130350000001
206.0,Elev,4,  arrived at src, -1, Elevator call,205.9895199,-1,0,2,4
206.0, elevID,4,  pos,-1,  cmd, goto,0
217.0,Elev,4,  arrived at dest, 0, this call is done!, Elevator call,205.9895199,-1,0,3,4, Done, dt, 11.010480099999995
219.0,Elev,0,  arrived at src, -1, Elevator call,197.5359191,-1,1,2,0
219.0, elevID,0,  pos,-1,  cmd, goto,1
228.0,Elevator call,227.0798305,-1,5,1,2, got allocated to elevator, 2
228.0, elevID,2,  pos,-2,  cmd, goto,-1
231.0,Elev,0,  arrived at dest, 1, this call is done!, Elevator call,197.5359191,-1,1,3,0, Done, dt, 33.4640809
232.0,Elevator call,231.5157882,-1,0,1,3, got allocated to elevator, 3
232.0, elevID,3,  pos,7,  cmd, goto,-1
233.0,Elevator call,232.9504362,0,-1,1,4, got allocated to elevator, 4
233.0,Elev,4,  arrived at src, 0, Elevator call,232.9504362,0,-1,2,4
233.0, elevID,4,  pos,0,  cmd, goto,-1
235.0,Elev,2,  arrived at src, -1, Elevator call,227.0798305,-1,5,2,2
235.0, elevID,2,  pos,-1,  cmd, goto,5
242.0,Elev,2,  arrived at dest, 5, this call is done!, Elevator call,227.0798305,-1,5,3,2, Done, dt, 14.920169499999986
242.0,Elev,3,  arrived at src, -1, Elevator call,231.5157882,-1,0,2,3
242.0, elevID,3,  pos,-1,  cmd, goto,0
244.0,Elev,4,  arrived at dest, -1, this call is done!, Elevator call,232.9504362,0,-1,3,4, Done, dt, 11.049563799999987
251.0,Elev,3,  arrived at dest, 0, this call is done!, Elevator call,231.5157882,-1,0,3,3, Done, dt, 19.484211799999997
252.0,Elevator call,251.1044469,-1,-2,1,4, got allocated to elevator, 4
252.0,Elevator call,251.2359335,0,9,1,3, got allocated to elevator, 3
252.0,Elev,3,  arrived at src, 0, Elevator call,251.2359335,0,9,2,3
252.0, elevID,3,  pos,0,  cmd, goto,9
252.0,Elev,4,  arrived at src, -1, Elevator call,251.1044469,-1,-2,2,4
252.0, elevID,4,  pos,-1,  cmd, goto,-2
255.0,Elevator call,254.6977153,3,4,1,2, got allocated to elevator, 2
255.0, elevID,2,  pos,5,  cmd, goto,3
258.0,Elevator call,257.7974435,-1,0,1,0, got allocated to elevator, 0
258.0, elevID,0,  pos,1,  cmd, goto,-1
262.0,Elev,2,  arrived at src, 3, Elevator call,254.6977153,3,4,2,2
262.0, elevID,2,  pos,3,  cmd, goto,4
262.0,Elev,3,  arrived at dest, 9, this call is done!, Elevator call,251.2359335,0,9,3,3, Done, dt, 10.764066500000013
263.0,Elev,4,  arrived at dest, -2, this call is done!, Elevator call,251.1044469,-1,-2,3,4, Done, dt, 11.8955531
269.0,Elev,2,  arrived at dest, 4, this call is done!, Elevator call,254.6977153,3,4,3,2, Done, dt, 14.302284700000001
270.0,Elev,0,  arrived at src, -1, Elevator call,257.7974435,-1,0,2,0
270.0, elevID,0,  pos,-1,  cmd, goto,0
281.0,Elev,0,  arrived at dest, 0, this call is done!, Elevator call,257.7974435,-1,0,3,0, Done, dt, 23.202556500000014
296.0,Elevator call,295.7943357,0,1,1,0, got allocated to elevator, 0
296.0,Elev,0,  arrived at src, 0, Elevator call,295.7943357,0,1,2,0
296.0, elevID,0,  pos,0,  cmd, goto,1
305.0,Elevator call,304.9984388,6,0,1,2, got allocated to elevator, 2
305.0, elevID,2,  pos,4,  cmd, goto,6
307.0,Elev,0,  arrived at dest, 1, this call is done!, Elevator call,295.7943357,0,1,3,0, Done, dt, 11.205664300000024
310.0,Elevator call,309.3005383,0,-1,1,2, got allocated to elevator, 2
312.0,Elev,2,  arrived at src, 6, Elevator call,304.9984388,6,0,2,2
312.0, elevID,2,  pos,6,  cmd, goto,0
313.0,Elevator call,312.3018556,0,-1,1,2, got allocated to elevator, 2
317.0,Elevator call,316.0323783,0,-1,1,3, got allocated to elevator, 3
317.0, elevID,3,  pos,9,  cmd, goto,0
319.0,Elev,2,  arrived at dest, 0, this call is done!, Elevator call,304.9984388,6,0,3,2, Done, dt, 14.001561200000026
319.0,Elev,2,  arrived at src, 0, Elevator call,309.3005383,0,-1,2,2
319.0,Elev,2,  arrived at src, 0, Elevator call,312.3018556,0,-1,2,2
319.0, elevID,2,  pos,0,  cmd, goto,-1
320.0,Elevator call,319.905202,6,5,1,1, got allocated to elevator, 1
320.0, elevID,1,  pos,8,  cmd, goto,6
321.0,Elevator call,320.9760749,-1,0,1,0, got allocated to elevator, 0
321.0, elevID,0,  pos,1,  cmd, goto,-1
322.0,Elevator call,321.370409,7,-1,1,1, got allocated to elevator, 1
, elevID,1,  pos,8,  cmd, stop,7
326.0,Elev,2,  arrived at dest, -1, this call is done!, Elevator call,309.3005383,0,-1,3,2, Done, dt, 16.699461699999972
326.0,Elev,2,  arrived at dest, -1, this call is done!, Elevator call,312.3018556,0,-1,3,2, Done, dt, 13.69814439999999
327.0,Elev,3,  arrived at src, 0, Elevator call,316.0323783,0,-1,2,3
327.0, elevID,3,  pos,0,  cmd, goto,-1
331.0,Elev,1,  arrived at src, 7, Elevator call,321.370409,7,-1,2,1
331.0, elevID,1,  pos,7,  cmd, goto,6
333.0,Elevator call,332.4267319,0,10,1,2, got allocated to elevator, 2
333.0,Elev,0,  arrived at src, -1, Elevator call,320.9760749,-1,0,2,0
333.0, elevID,0,  pos,-1,  cmd, goto,0
333.0, elevID,2,  pos,-1,  cmd, goto,0
336.0,Elev,3,  arrived at dest, -1, this call is done!, Elevator call,316.0323783,0,-1,3,3, Done, dt, 19.967621699999995
337.0,Elevator call,336.9304305,-1,0,1,3, got allocated to elevator, 3
337.0,Elev,3,  arrived at src, -1, Elevator call,336.9304305,-1,0,2,3
337.0, elevID,3,  pos,-1,  cmd, goto,0
340.0,Elev,2,  arrived at src, 0, Elevator call,332.4267319,0,10,2,2
340.0, elevID,2,  pos,0,  cmd, goto,10
342.0,Elev,1,  arrived at src, 6, Elevator call,319.905202,6,5,2,1
342.0, elevID,1,  pos,6,  cmd, goto,5
344.0,Elev,0,  arrived at dest, 0, this call is done!, Elevator call,320.9760749,-1,0,3,0, Done, dt, 23.023925099999985
346.0,Elev,3,  arrived at dest, 0, this call is done!, Elevator call,336.9304305,-1,0,3,3, Done, dt, 9.0695695
348.0,Elev,2,  arrived at dest, 10, this call is done!, Elevator call,332.4267319,0,10,3,2, Done, dt, 15.573268100000007
353.0,Elev,1,  arrived at dest, 5, this call is done!, Elevator call,319.905202,6,5,3,1, Done, dt, 33.094798000000026
353.0, elevID,1,  pos,5,  cmd, goto,-1
366.0,Elev,1,  arrived at dest, -1, this call is done!, Elevator call,321.370409,7,-1,3,1, Done, dt, 44.629591000000005
376.0,Elevator call,375.490481,1,0,1,2, got allocated to elevator, 2
376.0, elevID,2,  pos,10,  cmd, goto,1
384.0,Elev,2,  arrived at src, 1, Elevator call,375.490481,1,0,2,2
384.0, elevID,2,  pos,1,  cmd, goto,0
391.0,Elev,2,  arrived at dest, 0, this call is done!, Elevator call,375.490481,1,0,3,2, Done, dt, 15.509519000000012
393.0,Elevator call,392.5160765,0,5,1,2, got allocated to elevator, 2
393.0,Elev,2,  arrived at src, 0, Elevator call,392.5160765,0,5,2,2
393.0, elevID,2,  pos,0,  cmd, goto,5
400.0,Elev,2,  arrived at dest, 5, this call is done!, Elevator call,392.5160765,0,5,3,2, Done, dt, 7.483923500000003
406.0,Elevator call,405.1821141,-1,10,1,1, got allocated to elevator, 1
406.0,Elev,1,  arrived at src, -1, Elevator call,405.1821141,-1,10,2,1
406.0, elevID,1,  pos,-1,  cmd, goto,10
422.0,Elev,1,  arrived at dest, 10, this call is done!, Elevator call,405.1821141,-1,10,3,1, Done, dt, 16.81788590000002
427.0,Elevator call,426.8615805,2,0,1,2, got allocated to elevator, 2
427.0, elevID,2,  pos,5,  cmd, goto,2
434.0,Elev,2,  arrived at src, 2, Elevator call,426.8615805,2,0,2,2
434.0, elevID,2,  pos,2,  cmd, goto,0
438.0,Elevator call,437.1711158,1,0,1,2, got allocated to elevator, 2
441.0,Elev,2,  arrived at dest, 0, this call is done!, Elevator call,426.8615805,2,0,3,2, Done, dt, 14.138419499999998
441.0, elevID,2,  pos,0,  cmd, goto,1
448.0,Elev,2,  arrived at src, 1, Elevator call,437.1711158,1,0,2,2
448.0, elevID,2,  pos,1,  cmd, goto,0
455.0,Elev,2,  arrived at dest, 0, this call is done!, Elevator call,437.1711158,1,0,3,2, Done, dt, 17.828884200000005
473.0,Elevator call,472.7445474,10,-1,1,1, got allocated to elevator, 1
473.0,Elev,1,  arrived at src, 10, Elevator call,472.7445474,10,-1,2,1
473.0, elevID,1,  pos,10,  cmd, goto,-1
489.0,Elev,1,  arrived at dest, -1, this call is done!, Elevator call,472.7445474,10,-1,3,1, Done, dt, 16.255452600000012
501.0,Elevator call,500.3712045,8,-1,1,2, got allocated to elevator, 2
501.0, elevID,2,  pos,0,  cmd, goto,8
504.0,Elevator call,503.1384784,1,-1,1,2, got allocated to elevator, 2
504.0, elevID,2,  pos,0,  cmd, stop,1
505.0,Elevator call,504.4317942,0,-1,1,3, got allocated to elevator, 3
505.0,Elev,3,  arrived at src, 0, Elevator call,504.4317942,0,-1,2,3
505.0, elevID,3,  pos,0,  cmd, goto,-1
508.0,Elev,2,  arrived at src, 1, Elevator call,503.1384784,1,-1,2,2
508.0, elevID,2,  pos,1,  cmd, goto,8
514.0,Elev,3,  arrived at dest, -1, this call is done!, Elevator call,504.4317942,0,-1,3,3, Done, dt, 9.568205799999987
516.0,Elev,2,  arrived at src, 8, Elevator call,500.3712045,8,-1,2,2
516.0, elevID,2,  pos,8,  cmd, goto,-1
524.0,Elev,2,  arrived at dest, -1, this call is done!, Elevator call,500.3712045,8,-1,3,2, Done, dt, 23.628795500000024
524.0,Elev,2,  arrived at dest, -1, this call is done!, Elevator call,503.1384784,1,-1,3,2, Done, dt, 20.861521600000003
530.0,Elevator call,529.6277472,3,-1,1,2, got allocated to elevator, 2
530.0, elevID,2,  pos,-1,  cmd, goto,3
537.0,Elev,2,  arrived at src, 3, Elevator call,529.6277472,3,-1,2,2
537.0, elevID,2,  pos,3,  cmd, goto,-1
538.0,Elevator call,537.7866884,-1,6,1,3, got allocated to elevator, 3
538.0,Elev,3,  arrived at src, -1, Elevator call,537.7866884,-1,6,2,3
538.0, elevID,3,  pos,-1,  cmd, goto,6
544.0,Elev,2,  arrived at dest, -1, this call is done!, Elevator call,529.6277472,3,-1,3,2, Done, dt, 14.372252799999956
545.0,Elevator call,544.7880392,6,-1,1,2, got allocated to elevator, 2
545.0, elevID,2,  pos,-1,  cmd, goto,6
548.0,Elev,3,  arrived at dest, 6, this call is done!, Elevator call,537.7866884,-1,6,3,3, Done, dt, 10.213311599999997
553.0,Elev,2,  arrived at src, 6, Elevator call,544.7880392,6,-1,2,2
553.0, elevID,2,  pos,6,  cmd, goto,-1
555.0,Elevator call,554.0892923,4,0,1,3, got allocated to elevator, 3
555.0, elevID,3,  pos,6,  cmd, goto,4
558.0,Elevator call,557.244139,10,0,1,2, got allocated to elevator, 2
561.0,Elev,2,  arrived at dest, -1, this call is done!, Elevator call,544.7880392,6,-1,3,2, Done, dt, 16.211960800000043
561.0, elevID,2,  pos,-1,  cmd, goto,10
564.0,Elev,3,  arrived at src, 4, Elevator call,554.0892923,4,0,2,3
564.0, elevID,3,  pos,4,  cmd, goto,0
566.0,Elevator call,565.0195522,0,-1,1,0, got allocated to elevator, 0
566.0,Elev,0,  arrived at src, 0, Elevator call,565.0195522,0,-1,2,0
566.0, elevID,0,  pos,0,  cmd, goto,-1
569.0,Elev,2,  arrived at src, 10, Elevator call,557.244139,10,0,2,2
569.0, elevID,2,  pos,10,  cmd, goto,0
573.0,Elev,3,  arrived at dest, 0, this call is done!, Elevator call,554.0892923,4,0,3,3, Done, dt, 18.91070769999999
577.0,Elev,0,  arrived at dest, -1, this call is done!, Elevator call,565.0195522,0,-1,3,0, Done, dt, 11.980447799999979
577.0,Elev,2,  arrived at dest, 0, this call is done!, Elevator call,557.244139,10,0,3,2, Done, dt, 19.75586099999998
582.0,Elevator call,581.870309,0,3,1,2, got allocated to elevator, 2
582.0,Elev,2,  arrived at src, 0, Elevator call,581.870309,0,3,2,2
582.0, elevID,2,  pos,0,  cmd, goto,3
589.0,Elev,2,  arrived at dest, 3, this call is done!, Elevator call,581.870309,0,3,3,2, Done, dt, 7.12969099999998
597.0,Elevator call,596.1232023,8,0,1,2, got allocated to elevator, 2
597.0, elevID,2,  pos,3,  cmd, goto,8
601.0,Elevator call,600.931288,1,0,1,2, got allocated to elevator, 2
604.0,Elevator call,603.9342327,7,0,1,2, got allocated to elevator, 2
604.0,Elev,2,  arrived at src, 8, Elevator call,596.1232023,8,0,2,2
604.0, elevID,2,  pos,8,  cmd, goto,7
611.0,Elev,2,  arrived at src, 7, Elevator call,603.9342327,7,0,2,2
611.0, elevID,2,  pos,7,  cmd, goto,1
618.0,Elevator call,617.9628339,0,3,1,3, got allocated to elevator, 3
618.0,Elev,2,  arrived at src, 1, Elevator call,600.931288,1,0,2,2
618.0, elevID,2,  pos,1,  cmd, goto,0
618.0,Elev,3,  arrived at src, 0, Elevator call,617.9628339,0,3,2,3
618.0, elevID,3,  pos,0,  cmd, goto,3
620.0,Elevator call,619.6454197,9,0,1,1, got allocated to elevator, 1
620.0, elevID,1,  pos,-1,  cmd, goto,9
625.0,Elev,2,  arrived at dest, 0, this call is done!, Elevator call,596.1232023,8,0,3,2, Done, dt, 28.876797699999997
625.0,Elev,2,  arrived at dest, 0, this call is done!, Elevator call,600.931288,1,0,3,2, Done, dt, 24.068712000000005
625.0,Elev,2,  arrived at dest, 0, this call is done!, Elevator call,603.9342327,7,0,3,2, Done, dt, 21.065767299999948
627.0,Elevator call,626.2116172,0,1,1,2, got allocated to elevator, 2
627.0,Elev,2,  arrived at src, 0, Elevator call,626.2116172,0,1,2,2
627.0, elevID,2,  pos,0,  cmd, goto,1
627.0,Elev,3,  arrived at dest, 3, this call is done!, Elevator call,617.9628339,0,3,3,3, Done, dt, 9.037166100000036
634.0,Elev,2,  arrived at dest, 1, this call is done!, Elevator call,626.2116172,0,1,3,2, Done, dt, 7.788382800000022
635.0,Elev,1,  arrived at src, 9, Elevator call,619.6454197,9,0,2,1
635.0, elevID,1,  pos,9,  cmd, goto,0
644.0,Elevator call,643.8547515,-1,2,1,0, got allocated to elevator, 0
644.0,Elev,0,  arrived at src, -1, Elevator call,643.8547515,-1,2,2,0
644.0, elevID,0,  pos,-1,  cmd, goto,2
650.0,Elev,1,  arrived at dest, 0, this call is done!, Elevator call,619.6454197,9,0,3,1, Done, dt, 30.354580299999952
657.0,Elev,0,  arrived at dest, 2, this call is done!, Elevator call,643.8547515,-1,2,3,0, Done, dt, 13.14524849999998
661.0,Elevator call,660.0732908,6,10,1,2, got allocated to elevator, 2
661.0, elevID,2,  pos,1,  cmd, goto,6
662.0,Elevator call,661.042082,-1,3,1,3, got allocated to elevator, 3
662.0, elevID,3,  pos,3,  cmd, goto,-1
663.0,Elevator call,662.1730528,-1,5,1,1, got allocated to elevator, 1
663.0, elevID,1,  pos,0,  cmd, goto,-1
666.0,Elevator call,665.1155549,-1,8,1,0, got allocated to elevator, 0
666.0, elevID,0,  pos,2,  cmd, goto,-1
667.0,Elevator call,666.0340295,4,0,1,4, got allocated to elevator, 4
667.0,Elevator call,666.2411587,5,-1,1,0, got allocated to elevator, 0
667.0, elevID,4,  pos,-2,  cmd, goto,4
668.0,Elev,2,  arrived at src, 6, Elevator call,660.0732908,6,10,2,2
668.0, elevID,2,  pos,6,  cmd, goto,10
671.0,Elev,3,  arrived at src, -1, Elevator call,661.042082,-1,3,2,3
671.0, elevID,3,  pos,-1,  cmd, goto,3
673.0,Elevator call,672.6773142,0,-1,1,2, got allocated to elevator, 2
674.0,Elev,1,  arrived at src, -1, Elevator call,662.1730528,-1,5,2,1
674.0, elevID,1,  pos,-1,  cmd, goto,5
675.0,Elev,2,  arrived at dest, 10, this call is done!, Elevator call,660.0732908,6,10,3,2, Done, dt, 14.926709200000005
675.0, elevID,2,  pos,10,  cmd, goto,0
678.0,Elevator call,677.7341948,0,-1,1,3, got allocated to elevator, 3
679.0,Elevator call,678.9953585,-1,-2,1,2, got allocated to elevator, 2
679.0,Elev,0,  arrived at src, -1, Elevator call,665.1155549,-1,8,2,0
679.0, elevID,0,  pos,-1,  cmd, goto,5
680.0,Elev,3,  arrived at dest, 3, this call is done!, Elevator call,661.042082,-1,3,3,3, Done, dt, 18.95791799999995
680.0, elevID,3,  pos,3,  cmd, goto,0
680.0,Elev,4,  arrived at src, 4, Elevator call,666.0340295,4,0,2,4
680.0, elevID,4,  pos,4,  cmd, goto,0
683.0,Elev,2,  arrived at src, 0, Elevator call,672.6773142,0,-1,2,2
683.0, elevID,2,  pos,0,  cmd, goto,-1
687.0,Elev,1,  arrived at dest, 5, this call is done!, Elevator call,662.1730528,-1,5,3,1, Done, dt, 24.82694719999995
689.0,Elev,3,  arrived at src, 0, Elevator call,677.7341948,0,-1,2,3
689.0, elevID,3,  pos,0,  cmd, goto,-1
690.0,Elev,2,  arrived at dest, -1, this call is done!, Elevator call,672.6773142,0,-1,3,2, Done, dt, 17.322685800000045
690.0,Elev,2,  arrived at src, -1, Elevator call,678.9953585,-1,-2,2,2
690.0, elevID,2,  pos,-1,  cmd, goto,-2
692.0,Elev,4,  arrived at dest, 0, this call is done!, Elevator call,666.0340295,4,0,3,4, Done, dt, 25.965970500000026
695.0,Elev,0,  arrived at src, 5, Elevator call,666.2411587,5,-1,2,0
695.0, elevID,0,  pos,5,  cmd, goto,8
696.0,Elevator call,695.2239882,0,10,1,4, got allocated to elevator, 4
696.0,Elev,4,  arrived at src, 0, Elevator call,695.2239882,0,10,2,4
696.0, elevID,4,  pos,0,  cmd, goto,10
697.0,Elev,2,  arrived at dest, -2, this call is done!, Elevator call,678.9953585,-1,-2,3,2, Done, dt, 18.004641500000048
698.0,Elev,3,  arrived at dest, -1, this call is done!, Elevator call,677.7341948,0,-1,3,3, Done, dt, 20.265805200000045
707.0,Elevator call,706.1583475,-1,-2,1,3, got allocated to elevator, 3
707.0,Elev,3,  arrived at src, -1, Elevator call,706.1583475,-1,-2,2,3
707.0, elevID,3,  pos,-1,  cmd, goto,-2
708.0,Elev,0,  arrived at dest, 8, this call is done!, Elevator call,665.1155549,-1,8,3,0, Done, dt, 42.88444509999999
708.0, elevID,0,  pos,8,  cmd, goto,-1
711.0,Elevator call,710.324977,0,1,1,2, got allocated to elevator, 2
711.0, elevID,2,  pos,-2,  cmd, goto,0
711.0,Elev,4,  arrived at dest, 10, this call is done!, Elevator call,695.2239882,0,10,3,4, Done, dt, 15.776011799999992
714.0,Elevator call,713.0191971,1,0,1,3, got allocated to elevator, 3
714.0,Elevator call,713.2499766,10,-1,1,4, got allocated to elevator, 4
714.0,Elev,4,  arrived at src, 10, Elevator call,713.2499766,10,-1,2,4
714.0, elevID,4,  pos,10,  cmd, goto,-1
716.0,Elev,3,  arrived at dest, -2, this call is done!, Elevator call,706.1583475,-1,-2,3,3, Done, dt, 9.84165250000001
716.0, elevID,3,  pos,-2,  cmd, goto,1
718.0,Elev,2,  arrived at src, 0, Elevator call,710.324977,0,1,2,2
718.0, elevID,2,  pos,0,  cmd, goto,1
723.0,Elevator call,722.6161213,10,0,1,2, got allocated to elevator, 2
725.0,Elev,2,  arrived at dest, 1, this call is done!, Elevator call,710.324977,0,1,3,2, Done, dt, 14.67502300000001
725.0, elevID,2,  pos,1,  cmd, goto,10
725.0,Elev,3,  arrived at src, 1, Elevator call,713.0191971,1,0,2,3
725.0, elevID,3,  pos,1,  cmd, goto,0
727.0,Elev,0,  arrived at dest, -1, this call is done!, Elevator call,666.2411587,5,-1,3,0, Done, dt, 60.75884129999997
728.0,Elevator call,727.5146029,-1,0,1,3, got allocated to elevator, 3
730.0,Elev,4,  arrived at dest, -1, this call is done!, Elevator call,713.2499766,10,-1,3,4, Done, dt, 16.750023400000032
733.0,Elevator call,732.9746341,6,-1,1,1, got allocated to elevator, 1
733.0, elevID,1,  pos,5,  cmd, goto,6
733.0,Elev,2,  arrived at src, 10, Elevator call,722.6161213,10,0,2,2
733.0, elevID,2,  pos,10,  cmd, goto,0
734.0,Elev,3,  arrived at dest, 0, this call is done!, Elevator call,713.0191971,1,0,3,3, Done, dt, 20.980802899999958
734.0, elevID,3,  pos,0,  cmd, goto,-1
738.0,Elevator call,737.3147202,1,0,1,2, got allocated to elevator, 2
741.0,Elev,2,  arrived at dest, 0, this call is done!, Elevator call,722.6161213,10,0,3,2, Done, dt, 18.38387869999997
741.0, elevID,2,  pos,0,  cmd, goto,1
743.0,Elev,3,  arrived at src, -1, Elevator call,727.5146029,-1,0,2,3
743.0, elevID,3,  pos,-1,  cmd, goto,0
744.0,Elev,1,  arrived at src, 6, Elevator call,732.9746341,6,-1,2,1
744.0, elevID,1,  pos,6,  cmd, goto,-1
748.0,Elev,2,  arrived at src, 1, Elevator call,737.3147202,1,0,2,2
748.0, elevID,2,  pos,1,  cmd, goto,0
752.0,Elev,3,  arrived at dest, 0, this call is done!, Elevator call,727.5146029,-1,0,3,3, Done, dt, 24.4853971
755.0,Elev,2,  arrived at dest, 0, this call is done!, Elevator call,737.3147202,1,0,3,2, Done, dt, 17.68527979999999
758.0,Elev,1,  arrived at dest, -1, this call is done!, Elevator call,732.9746341,6,-1,3,1, Done, dt, 25.025365899999997
780.0,Elevator call,779.3996914,-1,5,1,1, got allocated to elevator, 1
780.0,Elev,1,  arrived at src, -1, Elevator call,779.3996914,-1,5,2,1
780.0, elevID,1,  pos,-1,  cmd, goto,5
793.0,Elev,1,  arrived at dest, 5, this call is done!, Elevator call,779.3996914,-1,5,3,1, Done, dt, 13.600308599999948
806.0,Elevator call,805.6754743,-1,-2,1,4, got allocated to elevator, 4
806.0,Elev,4,  arrived at src, -1, Elevator call,805.6754743,-1,-2,2,4
806.0, elevID,4,  pos,-1,  cmd, goto,-2
811.0,Elevator call,810.4469089,2,0,1,2, got allocated to elevator, 2
811.0, elevID,2,  pos,0,  cmd, goto,2
817.0,Elevator call,816.1516998,7,-1,1,3, got allocated to elevator, 3
817.0, elevID,3,  pos,0,  cmd, goto,7
817.0,Elev,4,  arrived at dest, -2, this call is done!, Elevator call,805.6754743,-1,-2,3,4, Done, dt, 11.324525699999981
818.0,Elev,2,  arrived at src, 2, Elevator call,810.4469089,2,0,2,2
818.0, elevID,2,  pos,2,  cmd, goto,0
825.0,Elev,2,  arrived at dest, 0, this call is done!, Elevator call,810.4469089,2,0,3,2, Done, dt, 14.55309109999996
826.0,Elevator call,825.4575185,7,0,1,2, got allocated to elevator, 2
826.0, elevID,2,  pos,0,  cmd, goto,7
827.0,Elev,3,  arrived at src, 7, Elevator call,816.1516998,7,-1,2,3
827.0, elevID,3,  pos,7,  cmd, goto,-1
834.0,Elev,2,  arrived at src, 7, Elevator call,825.4575185,7,0,2,2
834.0, elevID,2,  pos,7,  cmd, goto,0
837.0,Elev,3,  arrived at dest, -1, this call is done!, Elevator call,816.1516998,7,-1,3,3, Done, dt, 20.84830020000004
840.0,Elevator call,839.8525653,0,1,1,2, got allocated to elevator, 2
842.0,Elev,2,  arrived at dest, 0, this call is done!, Elevator call,825.4575185,7,0,3,2, Done, dt, 16.542481500000008
842.0,Elev,2,  arrived at src, 0, Elevator call,839.8525653,0,1,2,2
842.0, elevID,2,  pos,0,  cmd, goto,1
849.0,Elev,2,  arrived at dest, 1, this call is done!, Elevator call,839.8525653,0,1,3,2, Done, dt, 9.147434699999963
855.0,Elevator call,854.2002278,6,-1,1,2, got allocated to elevator, 2
855.0, elevID,2,  pos,1,  cmd, goto,6
862.0,Elev,2,  arrived at src, 6, Elevator call,854.2002278,6,-1,2,2
862.0, elevID,2,  pos,6,  cmd, goto,-1
864.0,Elevator call,863.8932913,0,-1,1,3, got allocated to elevator, 3
864.0, elevID,3,  pos,-1,  cmd, goto,0
870.0,Elev,2,  arrived at dest, -1, this call is done!, Elevator call,854.2002278,6,-1,3,2, Done, dt, 15.799772200000007
871.0,Elevator call,870.5053024,0,7,1,2, got allocated to elevator, 2
871.0, elevID,2,  pos,-1,  cmd, goto,0
873.0,Elev,3,  arrived at src, 0, Elevator call,863.8932913,0,-1,2,3
873.0, elevID,3,  pos,0,  cmd, goto,-1
878.0,Elev,2,  arrived at src, 0, Elevator call,870.5053024,0,7,2,2
878.0, elevID,2,  pos,0,  cmd, goto,7
882.0,Elev,3,  arrived at dest, -1, this call is done!, Elevator call,863.8932913,0,-1,3,3, Done, dt, 18.106708700000013
886.0,Elev,2,  arrived at dest, 7, this call is done!, Elevator call,870.5053024,0,7,3,2, Done, dt, 15.494697599999995
887.0,Elevator call,886.5649993,-1,-2,1,3, got allocated to elevator, 3
887.0,Elev,3,  arrived at src, -1, Elevator call,886.5649993,-1,-2,2,3
887.0, elevID,3,  pos,-1,  cmd, goto,-2
893.0,Elevator call,892.5212151,9,-1,1,2, got allocated to elevator, 2
893.0, elevID,2,  pos,7,  cmd, goto,9
896.0,Elev,3,  arrived at dest, -2, this call is done!, Elevator call,886.5649993,-1,-2,3,3, Done, dt, 9.435000700000046
900.0,Elev,2,  arrived at src, 9, Elevator call,892.5212151,9,-1,2,2
900.0, elevID,2,  pos,9,  cmd, goto,-1
908.0,Elev,2,  arrived at dest, -1, this call is done!, Elevator call,892.5212151,9,-1,3,2, Done, dt, 15.47878490000005
911.0,Elevator call,910.5388559,6,5,1,2, got allocated to elevator, 2
911.0, elevID,2,  pos,-1,  cmd, goto,6
916.0,Elevator call,915.9490575,4,-1,1,2, got allocated to elevator, 2
919.0,Elev,2,  arrived at src, 6, Elevator call,910.5388559,6,5,2,2
919.0, elevID,2,  pos,6,  cmd, goto,5
926.0,Elev,2,  arrived at dest, 5, this call is done!, Elevator call,910.5388559,6,5,3,2, Done, dt, 15.461144099999956
926.0, elevID,2,  pos,5,  cmd, goto,4
933.0,Elev,2,  arrived at src, 4, Elevator call,915.9490575,4,-1,2,2
933.0, elevID,2,  pos,4,  cmd, goto,-1
934.0,Elevator call,933.8580452,7,5,1,2, got allocated to elevator, 2
940.0,Elev,2,  arrived at dest, -1, this call is done!, Elevator call,915.9490575,4,-1,3,2, Done, dt, 24.05094250000002
940.0, elevID,2,  pos,-1,  cmd, goto,7
948.0,Elev,2,  arrived at src, 7, Elevator call,933.8580452,7,5,2,2
948.0, elevID,2,  pos,7,  cmd, goto,5
955.0,Elev,2,  arrived at dest, 5, this call is done!, Elevator call,933.8580452,7,5,3,2, Done, dt, 21.141954800000008
962.0,Elevator call,961.6862856,6,-1,1,2, got allocated to elevator, 2
962.0, elevID,2,  pos,5,  cmd, goto,6
969.0,Elev,2,  arrived at src, 6, Elevator call,961.6862856,6,-1,2,2
969.0, elevID,2,  pos,6,  cmd, goto,-1
973.0,Elevator call,972.8032126,1,0,1,2, got allocated to elevator, 2
976.0,Elevator call,975.8361203,0,-1,1,2, got allocated to elevator, 2
977.0,Elev,2,  arrived at dest, -1, this call is done!, Elevator call,961.6862856,6,-1,3,2, Done, dt, 15.31371439999998
977.0, elevID,2,  pos,-1,  cmd, goto,0
979.0,Elevator call,978.5925149,10,0,1,3, got allocated to elevator, 3
979.0,Elevator call,978.6210501,10,-1,1,0, got allocated to elevator, 0
979.0, elevID,0,  pos,-1,  cmd, goto,10
979.0, elevID,3,  pos,-2,  cmd, goto,10
984.0,Elev,2,  arrived at src, 0, Elevator call,975.8361203,0,-1,2,2
984.0, elevID,2,  pos,0,  cmd, goto,1
985.0,Elevator call,984.1840186,7,0,1,3, got allocated to elevator, 3
990.0,Elev,3,  arrived at src, 10, Elevator call,978.5925149,10,0,2,3
990.0, elevID,3,  pos,10,  cmd, goto,7
991.0,Elev,2,  arrived at src, 1, Elevator call,972.8032126,1,0,2,2
991.0, elevID,2,  pos,1,  cmd, goto,0
998.0,Elev,2,  arrived at dest, 0, this call is done!, Elevator call,972.8032126,1,0,3,2, Done, dt, 25.19678739999995
998.0, elevID,2,  pos,0,  cmd, goto,-1
999.0,Elev,3,  arrived at src, 7, Elevator call,984.1840186,7,0,2,3
999.0, elevID,3,  pos,7,  cmd, goto,0
1000.0,Elev,0,  arrived at src, 10, Elevator call,978.6210501,10,-1,2,0
1000.0, elevID,0,  pos,10,  cmd, goto,-1
1005.0,Elev,2,  arrived at dest, -1, this call is done!, Elevator call,975.8361203,0,-1,3,2, Done, dt, 29.163879700000052
1009.0,Elev,3,  arrived at dest, 0, this call is done!, Elevator call,978.5925149,10,0,3,3, Done, dt, 30.40748510000003
1009.0,Elev,3,  arrived at dest, 0, this call is done!, Elevator call,984.1840186,7,0,3,3, Done, dt, 24.815981400000055
1021.0,Elev,0,  arrived at dest, -1, this call is done!, Elevator call,978.6210501,10,-1,3,0, Done, dt, 42.37894989999995
1022.0,************* Simulation Ended ************
Code Owners,212403679,208012740,  Building_file,B4.json,  Calls,out.csv
Total waiting time: 1778.0,  average waiting time per call: 17.78,  unCompleted calls,0,  certificate, -83564944
