Ex1 (OOP) Simulator log: stage B3.json,  out.csv
0.0,OOP_Ex1_Elevator_Simulator
0.0,Simulated Building, Building [-10,100]
0) ex1.Elevator_A, Elev_, id,0,  speed, 3.0, open: 2.0,  start: 3.0, close: 2.0,  stop: 3.0
1) ex1.Elevator_A, Elev_, id,1,  speed, 7.0, open: 1.4285714285714286,  start: 2.142857142857143, close: 1.4285714285714286,  stop: 2.142857142857143

0.0,Simulated Period starTime,0.0,  endTime,1104.1840186,  dt,1.0
0.0,Simulated  calls,Elevator log, size: 100
0.0,**** Simulation starts!! ****
5.0,Elevator call,4.37472729,0,-1,1,1, got allocated to elevator, 1
5.0,Elev,1,  arrived at src, 0, Elevator call,4.37472729,0,-1,2,1
5.0, elevID,1,  pos,0,  cmd, goto,-1
13.0,Elev,1,  arrived at dest, -1, this call is done!, Elevator call,4.37472729,0,-1,3,1, Done, dt, 8.62527271
17.0,Elevator call,16.95788289,-1,0,1,1, got allocated to elevator, 1
17.0,Elev,1,  arrived at src, -1, Elevator call,16.95788289,-1,0,2,1
17.0, elevID,1,  pos,-1,  cmd, goto,0
23.0,Elevator call,22.0940563,0,-1,1,0, got allocated to elevator, 0
23.0,Elev,0,  arrived at src, 0, Elevator call,22.0940563,0,-1,2,0
23.0, elevID,0,  pos,0,  cmd, goto,-1
25.0,Elev,1,  arrived at dest, 0, this call is done!, Elevator call,16.95788289,-1,0,3,1, Done, dt, 8.04211711
34.0,Elev,0,  arrived at dest, -1, this call is done!, Elevator call,22.0940563,0,-1,3,0, Done, dt, 11.905943700000002
86.0,Elevator call,85.52096662,3,2,1,1, got allocated to elevator, 1
86.0, elevID,1,  pos,0,  cmd, goto,3
92.0,Elevator call,91.21019413,-1,-2,1,0, got allocated to elevator, 0
92.0,Elev,0,  arrived at src, -1, Elevator call,91.21019413,-1,-2,2,0
92.0, elevID,0,  pos,-1,  cmd, goto,-2
94.0,Elev,1,  arrived at src, 3, Elevator call,85.52096662,3,2,2,1
94.0, elevID,1,  pos,3,  cmd, goto,2
102.0,Elev,1,  arrived at dest, 2, this call is done!, Elevator call,85.52096662,3,2,3,1, Done, dt, 16.479033380000004
103.0,Elev,0,  arrived at dest, -2, this call is done!, Elevator call,91.21019413,-1,-2,3,0, Done, dt, 11.789805869999995
105.0,Elevator call,104.1370124,0,4,1,1, got allocated to elevator, 1
105.0, elevID,1,  pos,2,  cmd, goto,0
110.0,Elevator call,109.2135291,-1,0,1,0, got allocated to elevator, 0
110.0, elevID,0,  pos,-2,  cmd, goto,-1
113.0,Elev,1,  arrived at src, 0, Elevator call,104.1370124,0,4,2,1
113.0, elevID,1,  pos,0,  cmd, goto,4
115.0,Elevator call,114.392351,3,0,1,0, got allocated to elevator, 0
121.0,Elev,0,  arrived at src, -1, Elevator call,109.2135291,-1,0,2,0
121.0, elevID,0,  pos,-1,  cmd, goto,0
121.0,Elev,1,  arrived at dest, 4, this call is done!, Elevator call,104.1370124,0,4,3,1, Done, dt, 16.862987599999997
125.0,Elevator call,124.425571,0,9,1,1, got allocated to elevator, 1
125.0, elevID,1,  pos,4,  cmd, goto,0
131.0,Elevator call,130.0249568,8,10,1,1, got allocated to elevator, 1
131.0,Elevator call,130.2249113,-1,1,1,0, got allocated to elevator, 0
132.0,Elev,0,  arrived at dest, 0, this call is done!, Elevator call,109.2135291,-1,0,3,0, Done, dt, 22.786470899999998
132.0, elevID,0,  pos,0,  cmd, goto,3
133.0,Elev,1,  arrived at src, 0, Elevator call,124.425571,0,9,2,1
133.0, elevID,1,  pos,0,  cmd, goto,8
138.0,Elevator call,137.9515274,0,4,1,0, got allocated to elevator, 0
142.0,Elev,1,  arrived at src, 8, Elevator call,130.0249568,8,10,2,1
142.0, elevID,1,  pos,8,  cmd, goto,9
143.0,Elev,0,  arrived at src, 3, Elevator call,114.392351,3,0,2,0
143.0, elevID,0,  pos,3,  cmd, goto,0
144.0,Elevator call,143.9133584,0,6,1,0, got allocated to elevator, 0
150.0,Elev,1,  arrived at dest, 9, this call is done!, Elevator call,124.425571,0,9,3,1, Done, dt, 25.574428999999995
150.0, elevID,1,  pos,9,  cmd, goto,10
154.0,Elev,0,  arrived at dest, 0, this call is done!, Elevator call,114.392351,3,0,3,0, Done, dt, 39.607648999999995
154.0,Elev,0,  arrived at src, 0, Elevator call,137.9515274,0,4,2,0
154.0,Elev,0,  arrived at src, 0, Elevator call,143.9133584,0,6,2,0
154.0, elevID,0,  pos,0,  cmd, goto,-1
158.0,Elev,1,  arrived at dest, 10, this call is done!, Elevator call,130.0249568,8,10,3,1, Done, dt, 27.975043199999988
165.0,Elev,0,  arrived at src, -1, Elevator call,130.2249113,-1,1,2,0
165.0, elevID,0,  pos,-1,  cmd, goto,1
170.0,Elevator call,169.7845834,-1,0,1,1, got allocated to elevator, 1
170.0, elevID,1,  pos,10,  cmd, goto,-1
171.0,Elevator call,170.0099621,0,6,1,0, got allocated to elevator, 0
172.0,Elevator call,171.2117332,-1,8,1,0, got allocated to elevator, 0
175.0,Elevator call,174.8438515,0,-1,1,0, got allocated to elevator, 0
176.0,Elev,0,  arrived at dest, 1, this call is done!, Elevator call,130.2249113,-1,1,3,0, Done, dt, 45.7750887
176.0, elevID,0,  pos,1,  cmd, goto,4
179.0,Elev,1,  arrived at src, -1, Elevator call,169.7845834,-1,0,2,1
179.0, elevID,1,  pos,-1,  cmd, goto,0
187.0,Elev,0,  arrived at dest, 4, this call is done!, Elevator call,137.9515274,0,4,3,0, Done, dt, 49.0484726
187.0, elevID,0,  pos,4,  cmd, goto,6
187.0,Elev,1,  arrived at dest, 0, this call is done!, Elevator call,169.7845834,-1,0,3,1, Done, dt, 17.215416599999998
188.0,Elevator call,187.1167862,-1,-2,1,1, got allocated to elevator, 1
188.0,Elevator call,187.7299318,-1,-2,1,1, got allocated to elevator, 1
188.0, elevID,1,  pos,0,  cmd, goto,-1
196.0,Elevator call,195.9086965,0,7,1,0, got allocated to elevator, 0
196.0,Elev,1,  arrived at src, -1, Elevator call,187.1167862,-1,-2,2,1
196.0,Elev,1,  arrived at src, -1, Elevator call,187.7299318,-1,-2,2,1
196.0, elevID,1,  pos,-1,  cmd, goto,-2
198.0,Elevator call,197.5359191,-1,1,1,0, got allocated to elevator, 0
198.0,Elev,0,  arrived at dest, 6, this call is done!, Elevator call,143.9133584,0,6,3,0, Done, dt, 54.08664160000001
198.0, elevID,0,  pos,6,  cmd, goto,0
204.0,Elev,1,  arrived at dest, -2, this call is done!, Elevator call,187.1167862,-1,-2,3,1, Done, dt, 16.883213799999993
204.0,Elev,1,  arrived at dest, -2, this call is done!, Elevator call,187.7299318,-1,-2,3,1, Done, dt, 16.270068199999997
206.0,Elevator call,205.9895199,-1,0,1,1, got allocated to elevator, 1
206.0, elevID,1,  pos,-2,  cmd, goto,-1
210.0,Elev,0,  arrived at src, 0, Elevator call,170.0099621,0,6,2,0
210.0,Elev,0,  arrived at src, 0, Elevator call,174.8438515,0,-1,2,0
210.0,Elev,0,  arrived at src, 0, Elevator call,195.9086965,0,7,2,0
210.0, elevID,0,  pos,0,  cmd, goto,-1
214.0,Elev,1,  arrived at src, -1, Elevator call,205.9895199,-1,0,2,1
214.0, elevID,1,  pos,-1,  cmd, goto,0
221.0,Elev,0,  arrived at src, -1, Elevator call,171.2117332,-1,8,2,0
221.0,Elev,0,  arrived at dest, -1, this call is done!, Elevator call,174.8438515,0,-1,3,0, Done, dt, 46.1561485
221.0,Elev,0,  arrived at src, -1, Elevator call,197.5359191,-1,1,2,0
221.0, elevID,0,  pos,-1,  cmd, goto,1
222.0,Elev,1,  arrived at dest, 0, this call is done!, Elevator call,205.9895199,-1,0,3,1, Done, dt, 16.010480099999995
228.0,Elevator call,227.0798305,-1,5,1,1, got allocated to elevator, 1
228.0, elevID,1,  pos,0,  cmd, goto,-1
232.0,Elevator call,231.5157882,-1,0,1,0, got allocated to elevator, 0
232.0,Elev,0,  arrived at dest, 1, this call is done!, Elevator call,197.5359191,-1,1,3,0, Done, dt, 34.4640809
232.0, elevID,0,  pos,1,  cmd, goto,6
233.0,Elevator call,232.9504362,0,-1,1,0, got allocated to elevator, 0
236.0,Elev,1,  arrived at src, -1, Elevator call,227.0798305,-1,5,2,1
236.0, elevID,1,  pos,-1,  cmd, goto,5
244.0,Elev,0,  arrived at dest, 6, this call is done!, Elevator call,170.0099621,0,6,3,0, Done, dt, 73.9900379
244.0, elevID,0,  pos,6,  cmd, goto,7
244.0,Elev,1,  arrived at dest, 5, this call is done!, Elevator call,227.0798305,-1,5,3,1, Done, dt, 16.920169499999986
252.0,Elevator call,251.1044469,-1,-2,1,1, got allocated to elevator, 1
252.0,Elevator call,251.2359335,0,9,1,0, got allocated to elevator, 0
252.0, elevID,1,  pos,5,  cmd, goto,-1
255.0,Elevator call,254.6977153,3,4,1,0, got allocated to elevator, 0
255.0,Elev,0,  arrived at dest, 7, this call is done!, Elevator call,195.9086965,0,7,3,0, Done, dt, 59.09130350000001
255.0, elevID,0,  pos,7,  cmd, goto,8
258.0,Elevator call,257.7974435,-1,0,1,0, got allocated to elevator, 0
260.0,Elev,1,  arrived at src, -1, Elevator call,251.1044469,-1,-2,2,1
260.0, elevID,1,  pos,-1,  cmd, goto,-2
266.0,Elev,0,  arrived at dest, 8, this call is done!, Elevator call,171.2117332,-1,8,3,0, Done, dt, 94.7882668
266.0, elevID,0,  pos,8,  cmd, goto,3
268.0,Elev,1,  arrived at dest, -2, this call is done!, Elevator call,251.1044469,-1,-2,3,1, Done, dt, 16.8955531
278.0,Elev,0,  arrived at src, 3, Elevator call,254.6977153,3,4,2,0
278.0, elevID,0,  pos,3,  cmd, goto,0
289.0,Elev,0,  arrived at src, 0, Elevator call,232.9504362,0,-1,2,0
289.0,Elev,0,  arrived at src, 0, Elevator call,251.2359335,0,9,2,0
289.0, elevID,0,  pos,0,  cmd, goto,-1
296.0,Elevator call,295.7943357,0,1,1,1, got allocated to elevator, 1
296.0, elevID,1,  pos,-2,  cmd, goto,0
300.0,Elev,0,  arrived at src, -1, Elevator call,231.5157882,-1,0,2,0
300.0,Elev,0,  arrived at dest, -1, this call is done!, Elevator call,232.9504362,0,-1,3,0, Done, dt, 67.04956379999999
300.0,Elev,0,  arrived at src, -1, Elevator call,257.7974435,-1,0,2,0
300.0, elevID,0,  pos,-1,  cmd, goto,0
304.0,Elev,1,  arrived at src, 0, Elevator call,295.7943357,0,1,2,1
304.0, elevID,1,  pos,0,  cmd, goto,1
305.0,Elevator call,304.9984388,6,0,1,0, got allocated to elevator, 0
310.0,Elevator call,309.3005383,0,-1,1,1, got allocated to elevator, 1
311.0,Elev,0,  arrived at dest, 0, this call is done!, Elevator call,231.5157882,-1,0,3,0, Done, dt, 79.4842118
311.0,Elev,0,  arrived at dest, 0, this call is done!, Elevator call,257.7974435,-1,0,3,0, Done, dt, 53.202556500000014
311.0, elevID,0,  pos,0,  cmd, goto,4
312.0,Elev,1,  arrived at dest, 1, this call is done!, Elevator call,295.7943357,0,1,3,1, Done, dt, 16.205664300000024
312.0, elevID,1,  pos,1,  cmd, goto,0
313.0,Elevator call,312.3018556,0,-1,1,0, got allocated to elevator, 0
313.0, elevID,0,  pos,0,  cmd, stop,0
317.0,Elevator call,316.0323783,0,-1,1,0, got allocated to elevator, 0
320.0,Elevator call,319.905202,6,5,1,1, got allocated to elevator, 1
320.0,Elev,1,  arrived at src, 0, Elevator call,309.3005383,0,-1,2,1
320.0, elevID,1,  pos,0,  cmd, goto,-1
321.0,Elevator call,320.9760749,-1,0,1,0, got allocated to elevator, 0
321.0,Elev,0,  arrived at src, 0, Elevator call,312.3018556,0,-1,2,0
321.0,Elev,0,  arrived at src, 0, Elevator call,316.0323783,0,-1,2,0
321.0, elevID,0,  pos,0,  cmd, goto,4
322.0,Elevator call,321.370409,7,-1,1,0, got allocated to elevator, 0
328.0,Elev,1,  arrived at dest, -1, this call is done!, Elevator call,309.3005383,0,-1,3,1, Done, dt, 18.699461699999972
328.0, elevID,1,  pos,-1,  cmd, goto,6
333.0,Elevator call,332.4267319,0,10,1,0, got allocated to elevator, 0
333.0,Elev,0,  arrived at dest, 4, this call is done!, Elevator call,254.6977153,3,4,3,0, Done, dt, 78.3022847
333.0, elevID,0,  pos,4,  cmd, goto,6
337.0,Elevator call,336.9304305,-1,0,1,1, got allocated to elevator, 1
337.0,Elev,1,  arrived at src, 6, Elevator call,319.905202,6,5,2,1
337.0, elevID,1,  pos,6,  cmd, goto,5
344.0,Elev,0,  arrived at src, 6, Elevator call,304.9984388,6,0,2,0
344.0, elevID,0,  pos,6,  cmd, goto,7
345.0,Elev,1,  arrived at dest, 5, this call is done!, Elevator call,319.905202,6,5,3,1, Done, dt, 25.094798000000026
345.0, elevID,1,  pos,5,  cmd, goto,-1
353.0,Elev,1,  arrived at src, -1, Elevator call,336.9304305,-1,0,2,1
353.0, elevID,1,  pos,-1,  cmd, goto,0
355.0,Elev,0,  arrived at src, 7, Elevator call,321.370409,7,-1,2,0
355.0, elevID,0,  pos,7,  cmd, goto,9
361.0,Elev,1,  arrived at dest, 0, this call is done!, Elevator call,336.9304305,-1,0,3,1, Done, dt, 24.0695695
366.0,Elev,0,  arrived at dest, 9, this call is done!, Elevator call,251.2359335,0,9,3,0, Done, dt, 114.76406650000001
366.0, elevID,0,  pos,9,  cmd, goto,0
376.0,Elevator call,375.490481,1,0,1,1, got allocated to elevator, 1
376.0, elevID,1,  pos,0,  cmd, goto,1
379.0,Elev,0,  arrived at dest, 0, this call is done!, Elevator call,304.9984388,6,0,3,0, Done, dt, 74.00156120000003
379.0,Elev,0,  arrived at src, 0, Elevator call,332.4267319,0,10,2,0
379.0, elevID,0,  pos,0,  cmd, goto,-1
384.0,Elev,1,  arrived at src, 1, Elevator call,375.490481,1,0,2,1
384.0, elevID,1,  pos,1,  cmd, goto,0
390.0,Elev,0,  arrived at dest, -1, this call is done!, Elevator call,312.3018556,0,-1,3,0, Done, dt, 77.69814439999999
390.0,Elev,0,  arrived at dest, -1, this call is done!, Elevator call,316.0323783,0,-1,3,0, Done, dt, 73.9676217
390.0,Elev,0,  arrived at src, -1, Elevator call,320.9760749,-1,0,2,0
390.0,Elev,0,  arrived at dest, -1, this call is done!, Elevator call,321.370409,7,-1,3,0, Done, dt, 68.629591
390.0, elevID,0,  pos,-1,  cmd, goto,0
392.0,Elev,1,  arrived at dest, 0, this call is done!, Elevator call,375.490481,1,0,3,1, Done, dt, 16.50951900000001
393.0,Elevator call,392.5160765,0,5,1,1, got allocated to elevator, 1
393.0,Elev,1,  arrived at src, 0, Elevator call,392.5160765,0,5,2,1
393.0, elevID,1,  pos,0,  cmd, goto,5
401.0,Elev,0,  arrived at dest, 0, this call is done!, Elevator call,320.9760749,-1,0,3,0, Done, dt, 80.02392509999999
401.0, elevID,0,  pos,0,  cmd, goto,10
401.0,Elev,1,  arrived at dest, 5, this call is done!, Elevator call,392.5160765,0,5,3,1, Done, dt, 8.483923500000003
406.0,Elevator call,405.1821141,-1,10,1,1, got allocated to elevator, 1
406.0, elevID,1,  pos,5,  cmd, goto,-1
414.0,Elev,1,  arrived at src, -1, Elevator call,405.1821141,-1,10,2,1
414.0, elevID,1,  pos,-1,  cmd, goto,10
415.0,Elev,0,  arrived at dest, 10, this call is done!, Elevator call,332.4267319,0,10,3,0, Done, dt, 82.5732681
423.0,Elev,1,  arrived at dest, 10, this call is done!, Elevator call,405.1821141,-1,10,3,1, Done, dt, 17.81788590000002
427.0,Elevator call,426.8615805,2,0,1,1, got allocated to elevator, 1
427.0, elevID,1,  pos,10,  cmd, goto,2
436.0,Elev,1,  arrived at src, 2, Elevator call,426.8615805,2,0,2,1
436.0, elevID,1,  pos,2,  cmd, goto,0
438.0,Elevator call,437.1711158,1,0,1,0, got allocated to elevator, 0
438.0, elevID,0,  pos,10,  cmd, goto,1
444.0,Elev,1,  arrived at dest, 0, this call is done!, Elevator call,426.8615805,2,0,3,1, Done, dt, 17.138419499999998
451.0,Elev,0,  arrived at src, 1, Elevator call,437.1711158,1,0,2,0
451.0, elevID,0,  pos,1,  cmd, goto,0
462.0,Elev,0,  arrived at dest, 0, this call is done!, Elevator call,437.1711158,1,0,3,0, Done, dt, 24.828884200000005
473.0,Elevator call,472.7445474,10,-1,1,1, got allocated to elevator, 1
473.0, elevID,1,  pos,0,  cmd, goto,10
482.0,Elev,1,  arrived at src, 10, Elevator call,472.7445474,10,-1,2,1
482.0, elevID,1,  pos,10,  cmd, goto,-1
491.0,Elev,1,  arrived at dest, -1, this call is done!, Elevator call,472.7445474,10,-1,3,1, Done, dt, 18.255452600000012
501.0,Elevator call,500.3712045,8,-1,1,1, got allocated to elevator, 1
501.0, elevID,1,  pos,-1,  cmd, goto,8
504.0,Elevator call,503.1384784,1,-1,1,1, got allocated to elevator, 1
504.0, elevID,1,  pos,-1,  cmd, stop,1
505.0,Elevator call,504.4317942,0,-1,1,0, got allocated to elevator, 0
505.0,Elev,0,  arrived at src, 0, Elevator call,504.4317942,0,-1,2,0
505.0, elevID,0,  pos,0,  cmd, goto,-1
509.0,Elev,1,  arrived at src, 1, Elevator call,503.1384784,1,-1,2,1
509.0, elevID,1,  pos,1,  cmd, goto,8
516.0,Elev,0,  arrived at dest, -1, this call is done!, Elevator call,504.4317942,0,-1,3,0, Done, dt, 11.568205799999987
518.0,Elev,1,  arrived at src, 8, Elevator call,500.3712045,8,-1,2,1
518.0, elevID,1,  pos,8,  cmd, goto,-1
527.0,Elev,1,  arrived at dest, -1, this call is done!, Elevator call,500.3712045,8,-1,3,1, Done, dt, 26.628795500000024
527.0,Elev,1,  arrived at dest, -1, this call is done!, Elevator call,503.1384784,1,-1,3,1, Done, dt, 23.861521600000003
530.0,Elevator call,529.6277472,3,-1,1,1, got allocated to elevator, 1
530.0, elevID,1,  pos,-1,  cmd, goto,3
538.0,Elevator call,537.7866884,-1,6,1,0, got allocated to elevator, 0
538.0,Elev,0,  arrived at src, -1, Elevator call,537.7866884,-1,6,2,0
538.0, elevID,0,  pos,-1,  cmd, goto,6
538.0,Elev,1,  arrived at src, 3, Elevator call,529.6277472,3,-1,2,1
538.0, elevID,1,  pos,3,  cmd, goto,-1
545.0,Elevator call,544.7880392,6,-1,1,1, got allocated to elevator, 1
546.0,Elev,1,  arrived at dest, -1, this call is done!, Elevator call,529.6277472,3,-1,3,1, Done, dt, 16.372252799999956
546.0, elevID,1,  pos,-1,  cmd, goto,6
551.0,Elev,0,  arrived at dest, 6, this call is done!, Elevator call,537.7866884,-1,6,3,0, Done, dt, 13.213311599999997
555.0,Elevator call,554.0892923,4,0,1,0, got allocated to elevator, 0
555.0, elevID,0,  pos,6,  cmd, goto,4
555.0,Elev,1,  arrived at src, 6, Elevator call,544.7880392,6,-1,2,1
555.0, elevID,1,  pos,6,  cmd, goto,-1
558.0,Elevator call,557.244139,10,0,1,1, got allocated to elevator, 1
564.0,Elev,1,  arrived at dest, -1, this call is done!, Elevator call,544.7880392,6,-1,3,1, Done, dt, 19.211960800000043
564.0, elevID,1,  pos,-1,  cmd, goto,10
566.0,Elevator call,565.0195522,0,-1,1,1, got allocated to elevator, 1
566.0,Elev,0,  arrived at src, 4, Elevator call,554.0892923,4,0,2,0
566.0, elevID,0,  pos,4,  cmd, goto,0
566.0, elevID,1,  pos,-1,  cmd, stop,0
572.0,Elev,1,  arrived at src, 0, Elevator call,565.0195522,0,-1,2,1
572.0, elevID,1,  pos,0,  cmd, goto,10
578.0,Elev,0,  arrived at dest, 0, this call is done!, Elevator call,554.0892923,4,0,3,0, Done, dt, 23.91070769999999
581.0,Elev,1,  arrived at src, 10, Elevator call,557.244139,10,0,2,1
581.0, elevID,1,  pos,10,  cmd, goto,0
582.0,Elevator call,581.870309,0,3,1,0, got allocated to elevator, 0
582.0,Elev,0,  arrived at src, 0, Elevator call,581.870309,0,3,2,0
582.0, elevID,0,  pos,0,  cmd, goto,3
590.0,Elev,1,  arrived at dest, 0, this call is done!, Elevator call,557.244139,10,0,3,1, Done, dt, 32.75586099999998
590.0, elevID,1,  pos,0,  cmd, goto,-1
593.0,Elev,0,  arrived at dest, 3, this call is done!, Elevator call,581.870309,0,3,3,0, Done, dt, 11.12969099999998
597.0,Elevator call,596.1232023,8,0,1,1, got allocated to elevator, 1
598.0,Elev,1,  arrived at dest, -1, this call is done!, Elevator call,565.0195522,0,-1,3,1, Done, dt, 32.98044779999998
598.0, elevID,1,  pos,-1,  cmd, goto,8
601.0,Elevator call,600.931288,1,0,1,1, got allocated to elevator, 1
601.0, elevID,1,  pos,-1,  cmd, stop,1
604.0,Elevator call,603.9342327,7,0,1,1, got allocated to elevator, 1
606.0,Elev,1,  arrived at src, 1, Elevator call,600.931288,1,0,2,1
606.0, elevID,1,  pos,1,  cmd, goto,7
614.0,Elev,1,  arrived at src, 7, Elevator call,603.9342327,7,0,2,1
614.0, elevID,1,  pos,7,  cmd, goto,8
618.0,Elevator call,617.9628339,0,3,1,0, got allocated to elevator, 0
618.0, elevID,0,  pos,3,  cmd, goto,0
620.0,Elevator call,619.6454197,9,0,1,0, got allocated to elevator, 0
622.0,Elev,1,  arrived at src, 8, Elevator call,596.1232023,8,0,2,1
622.0, elevID,1,  pos,8,  cmd, goto,0
627.0,Elevator call,626.2116172,0,1,1,1, got allocated to elevator, 1
629.0,Elev,0,  arrived at src, 0, Elevator call,617.9628339,0,3,2,0
629.0, elevID,0,  pos,0,  cmd, goto,3
631.0,Elev,1,  arrived at dest, 0, this call is done!, Elevator call,596.1232023,8,0,3,1, Done, dt, 34.8767977
631.0,Elev,1,  arrived at dest, 0, this call is done!, Elevator call,600.931288,1,0,3,1, Done, dt, 30.068712000000005
631.0,Elev,1,  arrived at dest, 0, this call is done!, Elevator call,603.9342327,7,0,3,1, Done, dt, 27.065767299999948
631.0,Elev,1,  arrived at src, 0, Elevator call,626.2116172,0,1,2,1
631.0, elevID,1,  pos,0,  cmd, goto,1
639.0,Elev,1,  arrived at dest, 1, this call is done!, Elevator call,626.2116172,0,1,3,1, Done, dt, 12.788382800000022
640.0,Elev,0,  arrived at dest, 3, this call is done!, Elevator call,617.9628339,0,3,3,0, Done, dt, 22.037166100000036
640.0, elevID,0,  pos,3,  cmd, goto,9
644.0,Elevator call,643.8547515,-1,2,1,1, got allocated to elevator, 1
644.0, elevID,1,  pos,1,  cmd, goto,-1
652.0,Elev,0,  arrived at src, 9, Elevator call,619.6454197,9,0,2,0
652.0, elevID,0,  pos,9,  cmd, goto,0
652.0,Elev,1,  arrived at src, -1, Elevator call,643.8547515,-1,2,2,1
652.0, elevID,1,  pos,-1,  cmd, goto,2
660.0,Elev,1,  arrived at dest, 2, this call is done!, Elevator call,643.8547515,-1,2,3,1, Done, dt, 16.14524849999998
661.0,Elevator call,660.0732908,6,10,1,1, got allocated to elevator, 1
661.0, elevID,1,  pos,2,  cmd, goto,6
662.0,Elevator call,661.042082,-1,3,1,0, got allocated to elevator, 0
663.0,Elevator call,662.1730528,-1,5,1,0, got allocated to elevator, 0
665.0,Elev,0,  arrived at dest, 0, this call is done!, Elevator call,619.6454197,9,0,3,0, Done, dt, 45.35458029999995
665.0, elevID,0,  pos,0,  cmd, goto,-1
666.0,Elevator call,665.1155549,-1,8,1,0, got allocated to elevator, 0
667.0,Elevator call,666.0340295,4,0,1,0, got allocated to elevator, 0
667.0,Elevator call,666.2411587,5,-1,1,0, got allocated to elevator, 0
669.0,Elev,1,  arrived at src, 6, Elevator call,660.0732908,6,10,2,1
669.0, elevID,1,  pos,6,  cmd, goto,10
673.0,Elevator call,672.6773142,0,-1,1,0, got allocated to elevator, 0
676.0,Elev,0,  arrived at src, -1, Elevator call,661.042082,-1,3,2,0
676.0,Elev,0,  arrived at src, -1, Elevator call,662.1730528,-1,5,2,0
676.0,Elev,0,  arrived at src, -1, Elevator call,665.1155549,-1,8,2,0
676.0, elevID,0,  pos,-1,  cmd, goto,0
677.0,Elev,1,  arrived at dest, 10, this call is done!, Elevator call,660.0732908,6,10,3,1, Done, dt, 16.926709200000005
678.0,Elevator call,677.7341948,0,-1,1,1, got allocated to elevator, 1
678.0, elevID,1,  pos,10,  cmd, goto,0
679.0,Elevator call,678.9953585,-1,-2,1,1, got allocated to elevator, 1
687.0,Elev,0,  arrived at src, 0, Elevator call,672.6773142,0,-1,2,0
687.0, elevID,0,  pos,0,  cmd, goto,3
687.0,Elev,1,  arrived at src, 0, Elevator call,677.7341948,0,-1,2,1
687.0, elevID,1,  pos,0,  cmd, goto,-1
695.0,Elev,1,  arrived at dest, -1, this call is done!, Elevator call,677.7341948,0,-1,3,1, Done, dt, 17.265805200000045
695.0,Elev,1,  arrived at src, -1, Elevator call,678.9953585,-1,-2,2,1
695.0, elevID,1,  pos,-1,  cmd, goto,-2
696.0,Elevator call,695.2239882,0,10,1,0, got allocated to elevator, 0
698.0,Elev,0,  arrived at dest, 3, this call is done!, Elevator call,661.042082,-1,3,3,0, Done, dt, 36.95791799999995
698.0, elevID,0,  pos,3,  cmd, goto,4
703.0,Elev,1,  arrived at dest, -2, this call is done!, Elevator call,678.9953585,-1,-2,3,1, Done, dt, 24.004641500000048
707.0,Elevator call,706.1583475,-1,-2,1,1, got allocated to elevator, 1
707.0, elevID,1,  pos,-2,  cmd, goto,-1
709.0,Elev,0,  arrived at src, 4, Elevator call,666.0340295,4,0,2,0
709.0, elevID,0,  pos,4,  cmd, goto,5
711.0,Elevator call,710.324977,0,1,1,0, got allocated to elevator, 0
714.0,Elevator call,713.0191971,1,0,1,0, got allocated to elevator, 0
714.0,Elevator call,713.2499766,10,-1,1,0, got allocated to elevator, 0
715.0,Elev,1,  arrived at src, -1, Elevator call,706.1583475,-1,-2,2,1
715.0, elevID,1,  pos,-1,  cmd, goto,-2
720.0,Elev,0,  arrived at dest, 5, this call is done!, Elevator call,662.1730528,-1,5,3,0, Done, dt, 57.82694719999995
720.0,Elev,0,  arrived at src, 5, Elevator call,666.2411587,5,-1,2,0
720.0, elevID,0,  pos,5,  cmd, goto,8
723.0,Elevator call,722.6161213,10,0,1,1, got allocated to elevator, 1
723.0,Elev,1,  arrived at dest, -2, this call is done!, Elevator call,706.1583475,-1,-2,3,1, Done, dt, 16.84165250000001
723.0, elevID,1,  pos,-2,  cmd, goto,10
728.0,Elevator call,727.5146029,-1,0,1,0, got allocated to elevator, 0
731.0,Elev,0,  arrived at dest, 8, this call is done!, Elevator call,665.1155549,-1,8,3,0, Done, dt, 65.8844451
731.0, elevID,0,  pos,8,  cmd, goto,10
732.0,Elev,1,  arrived at src, 10, Elevator call,722.6161213,10,0,2,1
732.0, elevID,1,  pos,10,  cmd, goto,0
733.0,Elevator call,732.9746341,6,-1,1,0, got allocated to elevator, 0
738.0,Elevator call,737.3147202,1,0,1,1, got allocated to elevator, 1
741.0,Elev,1,  arrived at dest, 0, this call is done!, Elevator call,722.6161213,10,0,3,1, Done, dt, 18.38387869999997
741.0, elevID,1,  pos,0,  cmd, goto,1
742.0,Elev,0,  arrived at src, 10, Elevator call,713.2499766,10,-1,2,0
742.0, elevID,0,  pos,10,  cmd, goto,6
749.0,Elev,1,  arrived at src, 1, Elevator call,737.3147202,1,0,2,1
749.0, elevID,1,  pos,1,  cmd, goto,0
754.0,Elev,0,  arrived at src, 6, Elevator call,732.9746341,6,-1,2,0
754.0, elevID,0,  pos,6,  cmd, goto,1
757.0,Elev,1,  arrived at dest, 0, this call is done!, Elevator call,737.3147202,1,0,3,1, Done, dt, 19.68527979999999
766.0,Elev,0,  arrived at src, 1, Elevator call,713.0191971,1,0,2,0
766.0, elevID,0,  pos,1,  cmd, goto,0
777.0,Elev,0,  arrived at dest, 0, this call is done!, Elevator call,666.0340295,4,0,3,0, Done, dt, 110.96597050000003
777.0,Elev,0,  arrived at src, 0, Elevator call,695.2239882,0,10,2,0
777.0,Elev,0,  arrived at src, 0, Elevator call,710.324977,0,1,2,0
777.0,Elev,0,  arrived at dest, 0, this call is done!, Elevator call,713.0191971,1,0,3,0, Done, dt, 63.98080289999996
777.0, elevID,0,  pos,0,  cmd, goto,-1
780.0,Elevator call,779.3996914,-1,5,1,1, got allocated to elevator, 1
780.0, elevID,1,  pos,0,  cmd, goto,-1
788.0,Elev,0,  arrived at dest, -1, this call is done!, Elevator call,666.2411587,5,-1,3,0, Done, dt, 121.75884129999997
788.0,Elev,0,  arrived at dest, -1, this call is done!, Elevator call,672.6773142,0,-1,3,0, Done, dt, 115.32268580000004
788.0,Elev,0,  arrived at dest, -1, this call is done!, Elevator call,713.2499766,10,-1,3,0, Done, dt, 74.75002340000003
788.0,Elev,0,  arrived at src, -1, Elevator call,727.5146029,-1,0,2,0
788.0,Elev,0,  arrived at dest, -1, this call is done!, Elevator call,732.9746341,6,-1,3,0, Done, dt, 55.0253659
788.0, elevID,0,  pos,-1,  cmd, goto,0
788.0,Elev,1,  arrived at src, -1, Elevator call,779.3996914,-1,5,2,1
788.0, elevID,1,  pos,-1,  cmd, goto,5
796.0,Elev,1,  arrived at dest, 5, this call is done!, Elevator call,779.3996914,-1,5,3,1, Done, dt, 16.60030859999995
799.0,Elev,0,  arrived at dest, 0, this call is done!, Elevator call,727.5146029,-1,0,3,0, Done, dt, 71.4853971
799.0, elevID,0,  pos,0,  cmd, goto,1
806.0,Elevator call,805.6754743,-1,-2,1,1, got allocated to elevator, 1
806.0, elevID,1,  pos,5,  cmd, goto,-1
810.0,Elev,0,  arrived at dest, 1, this call is done!, Elevator call,710.324977,0,1,3,0, Done, dt, 99.67502300000001
810.0, elevID,0,  pos,1,  cmd, goto,10
811.0,Elevator call,810.4469089,2,0,1,0, got allocated to elevator, 0
811.0, elevID,0,  pos,1,  cmd, stop,2
814.0,Elev,1,  arrived at src, -1, Elevator call,805.6754743,-1,-2,2,1
814.0, elevID,1,  pos,-1,  cmd, goto,-2
817.0,Elevator call,816.1516998,7,-1,1,0, got allocated to elevator, 0
821.0,Elev,0,  arrived at src, 2, Elevator call,810.4469089,2,0,2,0
821.0, elevID,0,  pos,2,  cmd, goto,7
822.0,Elev,1,  arrived at dest, -2, this call is done!, Elevator call,805.6754743,-1,-2,3,1, Done, dt, 16.32452569999998
826.0,Elevator call,825.4575185,7,0,1,1, got allocated to elevator, 1
826.0, elevID,1,  pos,-2,  cmd, goto,7
833.0,Elev,0,  arrived at src, 7, Elevator call,816.1516998,7,-1,2,0
833.0, elevID,0,  pos,7,  cmd, goto,10
835.0,Elev,1,  arrived at src, 7, Elevator call,825.4575185,7,0,2,1
835.0, elevID,1,  pos,7,  cmd, goto,0
840.0,Elevator call,839.8525653,0,1,1,1, got allocated to elevator, 1
844.0,Elev,0,  arrived at dest, 10, this call is done!, Elevator call,695.2239882,0,10,3,0, Done, dt, 148.7760118
844.0, elevID,0,  pos,10,  cmd, goto,0
844.0,Elev,1,  arrived at dest, 0, this call is done!, Elevator call,825.4575185,7,0,3,1, Done, dt, 18.542481500000008
844.0,Elev,1,  arrived at src, 0, Elevator call,839.8525653,0,1,2,1
844.0, elevID,1,  pos,0,  cmd, goto,1
852.0,Elev,1,  arrived at dest, 1, this call is done!, Elevator call,839.8525653,0,1,3,1, Done, dt, 12.147434699999963
855.0,Elevator call,854.2002278,6,-1,1,1, got allocated to elevator, 1
855.0, elevID,1,  pos,1,  cmd, goto,6
858.0,Elev,0,  arrived at dest, 0, this call is done!, Elevator call,810.4469089,2,0,3,0, Done, dt, 47.55309109999996
858.0, elevID,0,  pos,0,  cmd, goto,-1
863.0,Elev,1,  arrived at src, 6, Elevator call,854.2002278,6,-1,2,1
863.0, elevID,1,  pos,6,  cmd, goto,-1
864.0,Elevator call,863.8932913,0,-1,1,0, got allocated to elevator, 0
869.0,Elev,0,  arrived at dest, -1, this call is done!, Elevator call,816.1516998,7,-1,3,0, Done, dt, 52.84830020000004
869.0, elevID,0,  pos,-1,  cmd, goto,0
871.0,Elevator call,870.5053024,0,7,1,1, got allocated to elevator, 1
872.0,Elev,1,  arrived at dest, -1, this call is done!, Elevator call,854.2002278,6,-1,3,1, Done, dt, 17.799772200000007
872.0, elevID,1,  pos,-1,  cmd, goto,0
880.0,Elev,0,  arrived at src, 0, Elevator call,863.8932913,0,-1,2,0
880.0, elevID,0,  pos,0,  cmd, goto,-1
880.0,Elev,1,  arrived at src, 0, Elevator call,870.5053024,0,7,2,1
880.0, elevID,1,  pos,0,  cmd, goto,7
887.0,Elevator call,886.5649993,-1,-2,1,0, got allocated to elevator, 0
889.0,Elev,1,  arrived at dest, 7, this call is done!, Elevator call,870.5053024,0,7,3,1, Done, dt, 18.494697599999995
891.0,Elev,0,  arrived at dest, -1, this call is done!, Elevator call,863.8932913,0,-1,3,0, Done, dt, 27.106708700000013
891.0,Elev,0,  arrived at src, -1, Elevator call,886.5649993,-1,-2,2,0
891.0, elevID,0,  pos,-1,  cmd, goto,-2
893.0,Elevator call,892.5212151,9,-1,1,1, got allocated to elevator, 1
893.0, elevID,1,  pos,7,  cmd, goto,9
901.0,Elev,1,  arrived at src, 9, Elevator call,892.5212151,9,-1,2,1
901.0, elevID,1,  pos,9,  cmd, goto,-1
902.0,Elev,0,  arrived at dest, -2, this call is done!, Elevator call,886.5649993,-1,-2,3,0, Done, dt, 15.435000700000046
910.0,Elev,1,  arrived at dest, -1, this call is done!, Elevator call,892.5212151,9,-1,3,1, Done, dt, 17.47878490000005
911.0,Elevator call,910.5388559,6,5,1,1, got allocated to elevator, 1
911.0, elevID,1,  pos,-1,  cmd, goto,6
916.0,Elevator call,915.9490575,4,-1,1,1, got allocated to elevator, 1
920.0,Elev,1,  arrived at src, 6, Elevator call,910.5388559,6,5,2,1
920.0, elevID,1,  pos,6,  cmd, goto,5
928.0,Elev,1,  arrived at dest, 5, this call is done!, Elevator call,910.5388559,6,5,3,1, Done, dt, 17.461144099999956
928.0, elevID,1,  pos,5,  cmd, goto,4
934.0,Elevator call,933.8580452,7,5,1,1, got allocated to elevator, 1
936.0,Elev,1,  arrived at src, 4, Elevator call,915.9490575,4,-1,2,1
936.0, elevID,1,  pos,4,  cmd, goto,-1
944.0,Elev,1,  arrived at dest, -1, this call is done!, Elevator call,915.9490575,4,-1,3,1, Done, dt, 28.05094250000002
944.0, elevID,1,  pos,-1,  cmd, goto,7
953.0,Elev,1,  arrived at src, 7, Elevator call,933.8580452,7,5,2,1
953.0, elevID,1,  pos,7,  cmd, goto,5
961.0,Elev,1,  arrived at dest, 5, this call is done!, Elevator call,933.8580452,7,5,3,1, Done, dt, 27.141954800000008
962.0,Elevator call,961.6862856,6,-1,1,1, got allocated to elevator, 1
962.0, elevID,1,  pos,5,  cmd, goto,6
970.0,Elev,1,  arrived at src, 6, Elevator call,961.6862856,6,-1,2,1
970.0, elevID,1,  pos,6,  cmd, goto,-1
973.0,Elevator call,972.8032126,1,0,1,0, got allocated to elevator, 0
973.0, elevID,0,  pos,-2,  cmd, goto,1
976.0,Elevator call,975.8361203,0,-1,1,1, got allocated to elevator, 1
979.0,Elevator call,978.5925149,10,0,1,0, got allocated to elevator, 0
979.0,Elevator call,978.6210501,10,-1,1,0, got allocated to elevator, 0
979.0,Elev,1,  arrived at dest, -1, this call is done!, Elevator call,961.6862856,6,-1,3,1, Done, dt, 17.31371439999998
979.0, elevID,1,  pos,-1,  cmd, goto,0
984.0,Elev,0,  arrived at src, 1, Elevator call,972.8032126,1,0,2,0
984.0, elevID,0,  pos,1,  cmd, goto,10
985.0,Elevator call,984.1840186,7,0,1,0, got allocated to elevator, 0
985.0, elevID,0,  pos,1,  cmd, stop,7
987.0,Elev,1,  arrived at src, 0, Elevator call,975.8361203,0,-1,2,1
987.0, elevID,1,  pos,0,  cmd, goto,-1
995.0,Elev,1,  arrived at dest, -1, this call is done!, Elevator call,975.8361203,0,-1,3,1, Done, dt, 19.163879700000052
996.0,Elev,0,  arrived at src, 7, Elevator call,984.1840186,7,0,2,0
996.0, elevID,0,  pos,7,  cmd, goto,10
1007.0,Elev,0,  arrived at src, 10, Elevator call,978.5925149,10,0,2,0
1007.0,Elev,0,  arrived at src, 10, Elevator call,978.6210501,10,-1,2,0
1007.0, elevID,0,  pos,10,  cmd, goto,0
1021.0,Elev,0,  arrived at dest, 0, this call is done!, Elevator call,972.8032126,1,0,3,0, Done, dt, 48.19678739999995
1021.0,Elev,0,  arrived at dest, 0, this call is done!, Elevator call,978.5925149,10,0,3,0, Done, dt, 42.40748510000003
1021.0,Elev,0,  arrived at dest, 0, this call is done!, Elevator call,984.1840186,7,0,3,0, Done, dt, 36.815981400000055
1021.0, elevID,0,  pos,0,  cmd, goto,-1
1032.0,Elev,0,  arrived at dest, -1, this call is done!, Elevator call,978.6210501,10,-1,3,0, Done, dt, 53.37894989999995
1033.0,************* Simulation Ended ************
Code Owners,212403679,208012740,  Building_file,B3.json,  Calls,out.csv
Total waiting time: 3820.0,  average waiting time per call: 38.2,  unCompleted calls,0,  certificate, -5671071
