Ex1 (OOP) Simulator log: stage B2.json,  out.csv
0.0,OOP_Ex1_Elevator_Simulator
0.0,Simulated Building, Building [-2,10]
0) ex1.Elevator_A, Elev_, id,0,  speed, 1.0, open: 2.0,  start: 3.0, close: 2.0,  stop: 3.0
1) ex1.Elevator_A, Elev_, id,1,  speed, 2.0, open: 2.0,  start: 3.0, close: 2.0,  stop: 3.0

0.0,Simulated Period starTime,0.0,  endTime,1104.1840186,  dt,1.0
0.0,Simulated  calls,Elevator log, size: 100
0.0,**** Simulation starts!! ****
5.0,Elevator call,4.37472729,0,-1,1,0, got allocated to elevator, 0
5.0,Elev,0,  arrived at src, 0, Elevator call,4.37472729,0,-1,2,0
5.0, elevID,0,  pos,0,  cmd, goto,-1
16.0,Elev,0,  arrived at dest, -1, this call is done!, Elevator call,4.37472729,0,-1,3,0, Done, dt, 11.62527271
17.0,Elevator call,16.95788289,-1,0,1,1, got allocated to elevator, 1
17.0, elevID,1,  pos,0,  cmd, goto,-1
23.0,Elevator call,22.0940563,0,-1,1,0, got allocated to elevator, 0
23.0, elevID,0,  pos,-1,  cmd, goto,0
28.0,Elev,1,  arrived at src, -1, Elevator call,16.95788289,-1,0,2,1
28.0, elevID,1,  pos,-1,  cmd, goto,0
34.0,Elev,0,  arrived at src, 0, Elevator call,22.0940563,0,-1,2,0
34.0, elevID,0,  pos,0,  cmd, goto,-1
39.0,Elev,1,  arrived at dest, 0, this call is done!, Elevator call,16.95788289,-1,0,3,1, Done, dt, 22.04211711
45.0,Elev,0,  arrived at dest, -1, this call is done!, Elevator call,22.0940563,0,-1,3,0, Done, dt, 22.9059437
86.0,Elevator call,85.52096662,3,2,1,1, got allocated to elevator, 1
86.0, elevID,1,  pos,0,  cmd, goto,3
92.0,Elevator call,91.21019413,-1,-2,1,0, got allocated to elevator, 0
92.0,Elev,0,  arrived at src, -1, Elevator call,91.21019413,-1,-2,2,0
92.0, elevID,0,  pos,-1,  cmd, goto,-2
98.0,Elev,1,  arrived at src, 3, Elevator call,85.52096662,3,2,2,1
98.0, elevID,1,  pos,3,  cmd, goto,2
103.0,Elev,0,  arrived at dest, -2, this call is done!, Elevator call,91.21019413,-1,-2,3,0, Done, dt, 11.789805869999995
105.0,Elevator call,104.1370124,0,4,1,1, got allocated to elevator, 1
109.0,Elev,1,  arrived at dest, 2, this call is done!, Elevator call,85.52096662,3,2,3,1, Done, dt, 23.479033380000004
109.0, elevID,1,  pos,2,  cmd, goto,0
110.0,Elevator call,109.2135291,-1,0,1,0, got allocated to elevator, 0
110.0, elevID,0,  pos,-2,  cmd, goto,-1
115.0,Elevator call,114.392351,3,0,1,0, got allocated to elevator, 0
120.0,Elev,1,  arrived at src, 0, Elevator call,104.1370124,0,4,2,1
120.0, elevID,1,  pos,0,  cmd, goto,4
121.0,Elev,0,  arrived at src, -1, Elevator call,109.2135291,-1,0,2,0
121.0, elevID,0,  pos,-1,  cmd, goto,0
125.0,Elevator call,124.425571,0,9,1,1, got allocated to elevator, 1
125.0, elevID,1,  pos,0,  cmd, stop,0
130.0,Elev,1,  arrived at src, 0, Elevator call,124.425571,0,9,2,1
130.0, elevID,1,  pos,0,  cmd, goto,4
131.0,Elevator call,130.0249568,8,10,1,1, got allocated to elevator, 1
131.0,Elevator call,130.2249113,-1,1,1,0, got allocated to elevator, 0
132.0,Elev,0,  arrived at dest, 0, this call is done!, Elevator call,109.2135291,-1,0,3,0, Done, dt, 22.786470899999998
132.0, elevID,0,  pos,0,  cmd, goto,3
138.0,Elevator call,137.9515274,0,4,1,0, got allocated to elevator, 0
142.0,Elev,1,  arrived at dest, 4, this call is done!, Elevator call,104.1370124,0,4,3,1, Done, dt, 37.8629876
142.0, elevID,1,  pos,4,  cmd, goto,8
144.0,Elevator call,143.9133584,0,6,1,0, got allocated to elevator, 0
145.0,Elev,0,  arrived at src, 3, Elevator call,114.392351,3,0,2,0
145.0, elevID,0,  pos,3,  cmd, goto,0
154.0,Elev,1,  arrived at src, 8, Elevator call,130.0249568,8,10,2,1
154.0, elevID,1,  pos,8,  cmd, goto,9
158.0,Elev,0,  arrived at dest, 0, this call is done!, Elevator call,114.392351,3,0,3,0, Done, dt, 43.607648999999995
158.0,Elev,0,  arrived at src, 0, Elevator call,137.9515274,0,4,2,0
158.0,Elev,0,  arrived at src, 0, Elevator call,143.9133584,0,6,2,0
158.0, elevID,0,  pos,0,  cmd, goto,-1
165.0,Elev,1,  arrived at dest, 9, this call is done!, Elevator call,124.425571,0,9,3,1, Done, dt, 40.574428999999995
165.0, elevID,1,  pos,9,  cmd, goto,10
169.0,Elev,0,  arrived at src, -1, Elevator call,130.2249113,-1,1,2,0
169.0, elevID,0,  pos,-1,  cmd, goto,1
170.0,Elevator call,169.7845834,-1,0,1,1, got allocated to elevator, 1
171.0,Elevator call,170.0099621,0,6,1,0, got allocated to elevator, 0
171.0, elevID,0,  pos,-1,  cmd, stop,0
172.0,Elevator call,171.2117332,-1,8,1,0, got allocated to elevator, 0
172.0, elevID,0,  pos,-1,  cmd, stop,-1
175.0,Elevator call,174.8438515,0,-1,1,0, got allocated to elevator, 0
176.0,Elev,1,  arrived at dest, 10, this call is done!, Elevator call,130.0249568,8,10,3,1, Done, dt, 45.97504319999999
176.0, elevID,1,  pos,10,  cmd, goto,-1
179.0,Elev,0,  arrived at src, -1, Elevator call,171.2117332,-1,8,2,0
179.0, elevID,0,  pos,-1,  cmd, goto,0
188.0,Elevator call,187.1167862,-1,-2,1,0, got allocated to elevator, 0
188.0,Elevator call,187.7299318,-1,-2,1,0, got allocated to elevator, 0
190.0,Elev,0,  arrived at src, 0, Elevator call,170.0099621,0,6,2,0
190.0,Elev,0,  arrived at src, 0, Elevator call,174.8438515,0,-1,2,0
190.0, elevID,0,  pos,0,  cmd, goto,1
192.0,Elev,1,  arrived at src, -1, Elevator call,169.7845834,-1,0,2,1
192.0, elevID,1,  pos,-1,  cmd, goto,0
196.0,Elevator call,195.9086965,0,7,1,0, got allocated to elevator, 0
198.0,Elevator call,197.5359191,-1,1,1,0, got allocated to elevator, 0
201.0,Elev,0,  arrived at dest, 1, this call is done!, Elevator call,130.2249113,-1,1,3,0, Done, dt, 70.7750887
201.0, elevID,0,  pos,1,  cmd, goto,4
203.0,Elev,1,  arrived at dest, 0, this call is done!, Elevator call,169.7845834,-1,0,3,1, Done, dt, 33.2154166
206.0,Elevator call,205.9895199,-1,0,1,1, got allocated to elevator, 1
206.0, elevID,1,  pos,0,  cmd, goto,-1
214.0,Elev,0,  arrived at dest, 4, this call is done!, Elevator call,137.9515274,0,4,3,0, Done, dt, 76.0484726
214.0, elevID,0,  pos,4,  cmd, goto,6
217.0,Elev,1,  arrived at src, -1, Elevator call,205.9895199,-1,0,2,1
217.0, elevID,1,  pos,-1,  cmd, goto,0
226.0,Elev,0,  arrived at dest, 6, this call is done!, Elevator call,143.9133584,0,6,3,0, Done, dt, 82.08664160000001
226.0,Elev,0,  arrived at dest, 6, this call is done!, Elevator call,170.0099621,0,6,3,0, Done, dt, 55.990037900000004
226.0, elevID,0,  pos,6,  cmd, goto,8
228.0,Elevator call,227.0798305,-1,5,1,1, got allocated to elevator, 1
228.0,Elev,1,  arrived at dest, 0, this call is done!, Elevator call,205.9895199,-1,0,3,1, Done, dt, 22.010480099999995
228.0, elevID,1,  pos,0,  cmd, goto,-1
232.0,Elevator call,231.5157882,-1,0,1,0, got allocated to elevator, 0
233.0,Elevator call,232.9504362,0,-1,1,0, got allocated to elevator, 0
238.0,Elev,0,  arrived at dest, 8, this call is done!, Elevator call,171.2117332,-1,8,3,0, Done, dt, 66.7882668
238.0, elevID,0,  pos,8,  cmd, goto,0
239.0,Elev,1,  arrived at src, -1, Elevator call,227.0798305,-1,5,2,1
239.0, elevID,1,  pos,-1,  cmd, goto,5
252.0,Elevator call,251.1044469,-1,-2,1,1, got allocated to elevator, 1
252.0,Elevator call,251.2359335,0,9,1,0, got allocated to elevator, 0
252.0,Elev,1,  arrived at dest, 5, this call is done!, Elevator call,227.0798305,-1,5,3,1, Done, dt, 24.920169499999986
252.0, elevID,1,  pos,5,  cmd, goto,-1
255.0,Elevator call,254.6977153,3,4,1,0, got allocated to elevator, 0
256.0,Elev,0,  arrived at src, 0, Elevator call,195.9086965,0,7,2,0
256.0,Elev,0,  arrived at src, 0, Elevator call,232.9504362,0,-1,2,0
256.0,Elev,0,  arrived at src, 0, Elevator call,251.2359335,0,9,2,0
256.0, elevID,0,  pos,0,  cmd, goto,-1
258.0,Elevator call,257.7974435,-1,0,1,0, got allocated to elevator, 0
265.0,Elev,1,  arrived at src, -1, Elevator call,251.1044469,-1,-2,2,1
265.0, elevID,1,  pos,-1,  cmd, goto,-2
267.0,Elev,0,  arrived at dest, -1, this call is done!, Elevator call,174.8438515,0,-1,3,0, Done, dt, 92.1561485
267.0,Elev,0,  arrived at src, -1, Elevator call,187.1167862,-1,-2,2,0
267.0,Elev,0,  arrived at src, -1, Elevator call,187.7299318,-1,-2,2,0
267.0,Elev,0,  arrived at src, -1, Elevator call,197.5359191,-1,1,2,0
267.0,Elev,0,  arrived at src, -1, Elevator call,231.5157882,-1,0,2,0
267.0,Elev,0,  arrived at dest, -1, this call is done!, Elevator call,232.9504362,0,-1,3,0, Done, dt, 34.04956379999999
267.0,Elev,0,  arrived at src, -1, Elevator call,257.7974435,-1,0,2,0
267.0, elevID,0,  pos,-1,  cmd, goto,-2
276.0,Elev,1,  arrived at dest, -2, this call is done!, Elevator call,251.1044469,-1,-2,3,1, Done, dt, 24.8955531
278.0,Elev,0,  arrived at dest, -2, this call is done!, Elevator call,187.1167862,-1,-2,3,0, Done, dt, 90.8832138
278.0,Elev,0,  arrived at dest, -2, this call is done!, Elevator call,187.7299318,-1,-2,3,0, Done, dt, 90.2700682
278.0, elevID,0,  pos,-2,  cmd, goto,0
290.0,Elev,0,  arrived at dest, 0, this call is done!, Elevator call,231.5157882,-1,0,3,0, Done, dt, 58.4842118
290.0,Elev,0,  arrived at dest, 0, this call is done!, Elevator call,257.7974435,-1,0,3,0, Done, dt, 32.202556500000014
290.0, elevID,0,  pos,0,  cmd, goto,1
296.0,Elevator call,295.7943357,0,1,1,1, got allocated to elevator, 1
296.0, elevID,1,  pos,-2,  cmd, goto,0
301.0,Elev,0,  arrived at dest, 1, this call is done!, Elevator call,197.5359191,-1,1,3,0, Done, dt, 103.4640809
301.0, elevID,0,  pos,1,  cmd, goto,3
305.0,Elevator call,304.9984388,6,0,1,0, got allocated to elevator, 0
307.0,Elev,1,  arrived at src, 0, Elevator call,295.7943357,0,1,2,1
307.0, elevID,1,  pos,0,  cmd, goto,1
310.0,Elevator call,309.3005383,0,-1,1,0, got allocated to elevator, 0
313.0,Elevator call,312.3018556,0,-1,1,1, got allocated to elevator, 1
313.0,Elev,0,  arrived at src, 3, Elevator call,254.6977153,3,4,2,0
313.0, elevID,0,  pos,3,  cmd, goto,4
317.0,Elevator call,316.0323783,0,-1,1,0, got allocated to elevator, 0
318.0,Elev,1,  arrived at dest, 1, this call is done!, Elevator call,295.7943357,0,1,3,1, Done, dt, 22.205664300000024
318.0, elevID,1,  pos,1,  cmd, goto,0
320.0,Elevator call,319.905202,6,5,1,0, got allocated to elevator, 0
321.0,Elevator call,320.9760749,-1,0,1,0, got allocated to elevator, 0
322.0,Elevator call,321.370409,7,-1,1,0, got allocated to elevator, 0
324.0,Elev,0,  arrived at dest, 4, this call is done!, Elevator call,254.6977153,3,4,3,0, Done, dt, 69.3022847
324.0, elevID,0,  pos,4,  cmd, goto,6
329.0,Elev,1,  arrived at src, 0, Elevator call,312.3018556,0,-1,2,1
329.0, elevID,1,  pos,0,  cmd, goto,-1
333.0,Elevator call,332.4267319,0,10,1,1, got allocated to elevator, 1
, elevID,1,  pos,0,  cmd, stop,0
336.0,Elev,0,  arrived at src, 6, Elevator call,304.9984388,6,0,2,0
336.0,Elev,0,  arrived at src, 6, Elevator call,319.905202,6,5,2,0
336.0, elevID,0,  pos,6,  cmd, goto,7
337.0,Elevator call,336.9304305,-1,0,1,0, got allocated to elevator, 0
339.0,Elev,1,  arrived at src, 0, Elevator call,332.4267319,0,10,2,1
339.0, elevID,1,  pos,0,  cmd, goto,-1
347.0,Elev,0,  arrived at dest, 7, this call is done!, Elevator call,195.9086965,0,7,3,0, Done, dt, 151.0913035
347.0,Elev,0,  arrived at src, 7, Elevator call,321.370409,7,-1,2,0
347.0, elevID,0,  pos,7,  cmd, goto,9
350.0,Elev,1,  arrived at dest, -1, this call is done!, Elevator call,312.3018556,0,-1,3,1, Done, dt, 37.69814439999999
350.0, elevID,1,  pos,-1,  cmd, goto,10
359.0,Elev,0,  arrived at dest, 9, this call is done!, Elevator call,251.2359335,0,9,3,0, Done, dt, 107.76406650000001
359.0, elevID,0,  pos,9,  cmd, goto,5
366.0,Elev,1,  arrived at dest, 10, this call is done!, Elevator call,332.4267319,0,10,3,1, Done, dt, 33.57326810000001
373.0,Elev,0,  arrived at dest, 5, this call is done!, Elevator call,319.905202,6,5,3,0, Done, dt, 53.094798000000026
373.0, elevID,0,  pos,5,  cmd, goto,0
376.0,Elevator call,375.490481,1,0,1,1, got allocated to elevator, 1
376.0, elevID,1,  pos,10,  cmd, goto,1
388.0,Elev,0,  arrived at dest, 0, this call is done!, Elevator call,304.9984388,6,0,3,0, Done, dt, 83.00156120000003
388.0,Elev,0,  arrived at src, 0, Elevator call,309.3005383,0,-1,2,0
388.0,Elev,0,  arrived at src, 0, Elevator call,316.0323783,0,-1,2,0
388.0, elevID,0,  pos,0,  cmd, goto,-1
391.0,Elev,1,  arrived at src, 1, Elevator call,375.490481,1,0,2,1
391.0, elevID,1,  pos,1,  cmd, goto,0
393.0,Elevator call,392.5160765,0,5,1,0, got allocated to elevator, 0
, elevID,0,  pos,0,  cmd, stop,0
398.0,Elev,0,  arrived at src, 0, Elevator call,392.5160765,0,5,2,0
398.0, elevID,0,  pos,0,  cmd, goto,-1
402.0,Elev,1,  arrived at dest, 0, this call is done!, Elevator call,375.490481,1,0,3,1, Done, dt, 26.50951900000001
406.0,Elevator call,405.1821141,-1,10,1,1, got allocated to elevator, 1
406.0, elevID,1,  pos,0,  cmd, goto,-1
409.0,Elev,0,  arrived at dest, -1, this call is done!, Elevator call,309.3005383,0,-1,3,0, Done, dt, 99.69946169999997
409.0,Elev,0,  arrived at dest, -1, this call is done!, Elevator call,316.0323783,0,-1,3,0, Done, dt, 92.9676217
409.0,Elev,0,  arrived at src, -1, Elevator call,320.9760749,-1,0,2,0
409.0,Elev,0,  arrived at dest, -1, this call is done!, Elevator call,321.370409,7,-1,3,0, Done, dt, 87.629591
409.0,Elev,0,  arrived at src, -1, Elevator call,336.9304305,-1,0,2,0
409.0, elevID,0,  pos,-1,  cmd, goto,0
417.0,Elev,1,  arrived at src, -1, Elevator call,405.1821141,-1,10,2,1
417.0, elevID,1,  pos,-1,  cmd, goto,10
420.0,Elev,0,  arrived at dest, 0, this call is done!, Elevator call,320.9760749,-1,0,3,0, Done, dt, 99.02392509999999
420.0,Elev,0,  arrived at dest, 0, this call is done!, Elevator call,336.9304305,-1,0,3,0, Done, dt, 83.0695695
420.0, elevID,0,  pos,0,  cmd, goto,5
427.0,Elevator call,426.8615805,2,0,1,1, got allocated to elevator, 1
433.0,Elev,1,  arrived at dest, 10, this call is done!, Elevator call,405.1821141,-1,10,3,1, Done, dt, 27.81788590000002
433.0, elevID,1,  pos,10,  cmd, goto,2
435.0,Elev,0,  arrived at dest, 5, this call is done!, Elevator call,392.5160765,0,5,3,0, Done, dt, 42.4839235
438.0,Elevator call,437.1711158,1,0,1,1, got allocated to elevator, 1
447.0,Elev,1,  arrived at src, 2, Elevator call,426.8615805,2,0,2,1
447.0, elevID,1,  pos,2,  cmd, goto,1
458.0,Elev,1,  arrived at src, 1, Elevator call,437.1711158,1,0,2,1
458.0, elevID,1,  pos,1,  cmd, goto,0
469.0,Elev,1,  arrived at dest, 0, this call is done!, Elevator call,426.8615805,2,0,3,1, Done, dt, 42.1384195
469.0,Elev,1,  arrived at dest, 0, this call is done!, Elevator call,437.1711158,1,0,3,1, Done, dt, 31.828884200000005
473.0,Elevator call,472.7445474,10,-1,1,0, got allocated to elevator, 0
473.0, elevID,0,  pos,5,  cmd, goto,10
488.0,Elev,0,  arrived at src, 10, Elevator call,472.7445474,10,-1,2,0
488.0, elevID,0,  pos,10,  cmd, goto,-1
501.0,Elevator call,500.3712045,8,-1,1,1, got allocated to elevator, 1
501.0, elevID,1,  pos,0,  cmd, goto,8
504.0,Elevator call,503.1384784,1,-1,1,0, got allocated to elevator, 0
505.0,Elevator call,504.4317942,0,-1,1,0, got allocated to elevator, 0
509.0,Elev,0,  arrived at dest, -1, this call is done!, Elevator call,472.7445474,10,-1,3,0, Done, dt, 36.25545260000001
509.0, elevID,0,  pos,-1,  cmd, goto,0
515.0,Elev,1,  arrived at src, 8, Elevator call,500.3712045,8,-1,2,1
515.0, elevID,1,  pos,8,  cmd, goto,-1
520.0,Elev,0,  arrived at src, 0, Elevator call,504.4317942,0,-1,2,0
520.0, elevID,0,  pos,0,  cmd, goto,1
530.0,Elevator call,529.6277472,3,-1,1,1, got allocated to elevator, 1
530.0,Elev,1,  arrived at dest, -1, this call is done!, Elevator call,500.3712045,8,-1,3,1, Done, dt, 29.628795500000024
530.0, elevID,1,  pos,-1,  cmd, goto,3
531.0,Elev,0,  arrived at src, 1, Elevator call,503.1384784,1,-1,2,0
531.0, elevID,0,  pos,1,  cmd, goto,-1
538.0,Elevator call,537.7866884,-1,6,1,0, got allocated to elevator, 0
542.0,Elev,1,  arrived at src, 3, Elevator call,529.6277472,3,-1,2,1
542.0, elevID,1,  pos,3,  cmd, goto,-1
543.0,Elev,0,  arrived at dest, -1, this call is done!, Elevator call,503.1384784,1,-1,3,0, Done, dt, 39.8615216
543.0,Elev,0,  arrived at dest, -1, this call is done!, Elevator call,504.4317942,0,-1,3,0, Done, dt, 38.56820579999999
543.0,Elev,0,  arrived at src, -1, Elevator call,537.7866884,-1,6,2,0
543.0, elevID,0,  pos,-1,  cmd, goto,6
545.0,Elevator call,544.7880392,6,-1,1,0, got allocated to elevator, 0
554.0,Elev,1,  arrived at dest, -1, this call is done!, Elevator call,529.6277472,3,-1,3,1, Done, dt, 24.372252799999956
555.0,Elevator call,554.0892923,4,0,1,1, got allocated to elevator, 1
555.0, elevID,1,  pos,-1,  cmd, goto,4
558.0,Elevator call,557.244139,10,0,1,0, got allocated to elevator, 0
560.0,Elev,0,  arrived at dest, 6, this call is done!, Elevator call,537.7866884,-1,6,3,0, Done, dt, 22.213311599999997
560.0,Elev,0,  arrived at src, 6, Elevator call,544.7880392,6,-1,2,0
560.0, elevID,0,  pos,6,  cmd, goto,10
566.0,Elevator call,565.0195522,0,-1,1,1, got allocated to elevator, 1
568.0,Elev,1,  arrived at src, 4, Elevator call,554.0892923,4,0,2,1
568.0, elevID,1,  pos,4,  cmd, goto,0
574.0,Elev,0,  arrived at src, 10, Elevator call,557.244139,10,0,2,0
574.0, elevID,0,  pos,10,  cmd, goto,0
580.0,Elev,1,  arrived at dest, 0, this call is done!, Elevator call,554.0892923,4,0,3,1, Done, dt, 25.91070769999999
580.0,Elev,1,  arrived at src, 0, Elevator call,565.0195522,0,-1,2,1
580.0, elevID,1,  pos,0,  cmd, goto,-1
582.0,Elevator call,581.870309,0,3,1,0, got allocated to elevator, 0
591.0,Elev,1,  arrived at dest, -1, this call is done!, Elevator call,565.0195522,0,-1,3,1, Done, dt, 25.98044779999998
594.0,Elev,0,  arrived at dest, 0, this call is done!, Elevator call,557.244139,10,0,3,0, Done, dt, 36.75586099999998
594.0,Elev,0,  arrived at src, 0, Elevator call,581.870309,0,3,2,0
594.0, elevID,0,  pos,0,  cmd, goto,-1
597.0,Elevator call,596.1232023,8,0,1,1, got allocated to elevator, 1
597.0, elevID,1,  pos,-1,  cmd, goto,8
601.0,Elevator call,600.931288,1,0,1,0, got allocated to elevator, 0
604.0,Elevator call,603.9342327,7,0,1,0, got allocated to elevator, 0
605.0,Elev,0,  arrived at dest, -1, this call is done!, Elevator call,544.7880392,6,-1,3,0, Done, dt, 60.21196080000004
605.0, elevID,0,  pos,-1,  cmd, goto,1
612.0,Elev,1,  arrived at src, 8, Elevator call,596.1232023,8,0,2,1
612.0, elevID,1,  pos,8,  cmd, goto,0
617.0,Elev,0,  arrived at src, 1, Elevator call,600.931288,1,0,2,0
617.0, elevID,0,  pos,1,  cmd, goto,3
618.0,Elevator call,617.9628339,0,3,1,0, got allocated to elevator, 0
620.0,Elevator call,619.6454197,9,0,1,0, got allocated to elevator, 0
626.0,Elev,1,  arrived at dest, 0, this call is done!, Elevator call,596.1232023,8,0,3,1, Done, dt, 29.876797699999997
627.0,Elevator call,626.2116172,0,1,1,0, got allocated to elevator, 0
629.0,Elev,0,  arrived at dest, 3, this call is done!, Elevator call,581.870309,0,3,3,0, Done, dt, 47.12969099999998
629.0, elevID,0,  pos,3,  cmd, goto,7
643.0,Elev,0,  arrived at src, 7, Elevator call,603.9342327,7,0,2,0
643.0, elevID,0,  pos,7,  cmd, goto,9
644.0,Elevator call,643.8547515,-1,2,1,1, got allocated to elevator, 1
644.0, elevID,1,  pos,0,  cmd, goto,-1
655.0,Elev,0,  arrived at src, 9, Elevator call,619.6454197,9,0,2,0
655.0, elevID,0,  pos,9,  cmd, goto,0
655.0,Elev,1,  arrived at src, -1, Elevator call,643.8547515,-1,2,2,1
655.0, elevID,1,  pos,-1,  cmd, goto,2
661.0,Elevator call,660.0732908,6,10,1,1, got allocated to elevator, 1
662.0,Elevator call,661.042082,-1,3,1,0, got allocated to elevator, 0
663.0,Elevator call,662.1730528,-1,5,1,0, got allocated to elevator, 0
666.0,Elevator call,665.1155549,-1,8,1,0, got allocated to elevator, 0
667.0,Elevator call,666.0340295,4,0,1,0, got allocated to elevator, 0
667.0,Elevator call,666.2411587,5,-1,1,0, got allocated to elevator, 0
667.0,Elev,1,  arrived at dest, 2, this call is done!, Elevator call,643.8547515,-1,2,3,1, Done, dt, 23.14524849999998
667.0, elevID,1,  pos,2,  cmd, goto,6
673.0,Elevator call,672.6773142,0,-1,1,0, got allocated to elevator, 0
674.0,Elev,0,  arrived at dest, 0, this call is done!, Elevator call,600.931288,1,0,3,0, Done, dt, 73.068712
674.0,Elev,0,  arrived at dest, 0, this call is done!, Elevator call,603.9342327,7,0,3,0, Done, dt, 70.06576729999995
674.0,Elev,0,  arrived at src, 0, Elevator call,617.9628339,0,3,2,0
674.0,Elev,0,  arrived at dest, 0, this call is done!, Elevator call,619.6454197,9,0,3,0, Done, dt, 54.35458029999995
674.0,Elev,0,  arrived at src, 0, Elevator call,626.2116172,0,1,2,0
674.0,Elev,0,  arrived at src, 0, Elevator call,672.6773142,0,-1,2,0
674.0, elevID,0,  pos,0,  cmd, goto,-1
678.0,Elevator call,677.7341948,0,-1,1,0, got allocated to elevator, 0
, elevID,0,  pos,0,  cmd, stop,0
679.0,Elevator call,678.9953585,-1,-2,1,0, got allocated to elevator, 0
679.0,Elev,1,  arrived at src, 6, Elevator call,660.0732908,6,10,2,1
679.0, elevID,1,  pos,6,  cmd, goto,10
684.0,Elev,0,  arrived at src, 0, Elevator call,677.7341948,0,-1,2,0
684.0, elevID,0,  pos,0,  cmd, goto,-1
691.0,Elev,1,  arrived at dest, 10, this call is done!, Elevator call,660.0732908,6,10,3,1, Done, dt, 30.926709200000005
695.0,Elev,0,  arrived at src, -1, Elevator call,661.042082,-1,3,2,0
695.0,Elev,0,  arrived at src, -1, Elevator call,662.1730528,-1,5,2,0
695.0,Elev,0,  arrived at src, -1, Elevator call,665.1155549,-1,8,2,0
695.0,Elev,0,  arrived at dest, -1, this call is done!, Elevator call,672.6773142,0,-1,3,0, Done, dt, 22.322685800000045
695.0,Elev,0,  arrived at dest, -1, this call is done!, Elevator call,677.7341948,0,-1,3,0, Done, dt, 17.265805200000045
695.0,Elev,0,  arrived at src, -1, Elevator call,678.9953585,-1,-2,2,0
695.0, elevID,0,  pos,-1,  cmd, goto,-2
696.0,Elevator call,695.2239882,0,10,1,1, got allocated to elevator, 1
696.0, elevID,1,  pos,10,  cmd, goto,0
706.0,Elev,0,  arrived at dest, -2, this call is done!, Elevator call,678.9953585,-1,-2,3,0, Done, dt, 27.004641500000048
706.0, elevID,0,  pos,-2,  cmd, goto,1
707.0,Elevator call,706.1583475,-1,-2,1,0, got allocated to elevator, 0
707.0, elevID,0,  pos,-2,  cmd, stop,-1
711.0,Elevator call,710.324977,0,1,1,0, got allocated to elevator, 0
711.0,Elev,1,  arrived at src, 0, Elevator call,695.2239882,0,10,2,1
711.0, elevID,1,  pos,0,  cmd, goto,10
714.0,Elevator call,713.0191971,1,0,1,0, got allocated to elevator, 0
714.0,Elevator call,713.2499766,10,-1,1,0, got allocated to elevator, 0
717.0,Elev,0,  arrived at src, -1, Elevator call,706.1583475,-1,-2,2,0
717.0, elevID,0,  pos,-1,  cmd, goto,0
723.0,Elevator call,722.6161213,10,0,1,0, got allocated to elevator, 0
726.0,Elev,1,  arrived at dest, 10, this call is done!, Elevator call,695.2239882,0,10,3,1, Done, dt, 30.776011799999992
728.0,Elevator call,727.5146029,-1,0,1,1, got allocated to elevator, 1
728.0,Elev,0,  arrived at src, 0, Elevator call,710.324977,0,1,2,0
728.0, elevID,0,  pos,0,  cmd, goto,1
728.0, elevID,1,  pos,10,  cmd, goto,-1
733.0,Elevator call,732.9746341,6,-1,1,0, got allocated to elevator, 0
738.0,Elevator call,737.3147202,1,0,1,0, got allocated to elevator, 0
739.0,Elev,0,  arrived at dest, 1, this call is done!, Elevator call,626.2116172,0,1,3,0, Done, dt, 112.78838280000002
739.0,Elev,0,  arrived at dest, 1, this call is done!, Elevator call,710.324977,0,1,3,0, Done, dt, 28.67502300000001
739.0,Elev,0,  arrived at src, 1, Elevator call,713.0191971,1,0,2,0
739.0,Elev,0,  arrived at src, 1, Elevator call,737.3147202,1,0,2,0
739.0, elevID,0,  pos,1,  cmd, goto,3
744.0,Elev,1,  arrived at src, -1, Elevator call,727.5146029,-1,0,2,1
744.0, elevID,1,  pos,-1,  cmd, goto,0
751.0,Elev,0,  arrived at dest, 3, this call is done!, Elevator call,617.9628339,0,3,3,0, Done, dt, 133.03716610000004
751.0,Elev,0,  arrived at dest, 3, this call is done!, Elevator call,661.042082,-1,3,3,0, Done, dt, 89.95791799999995
751.0, elevID,0,  pos,3,  cmd, goto,4
755.0,Elev,1,  arrived at dest, 0, this call is done!, Elevator call,727.5146029,-1,0,3,1, Done, dt, 27.4853971
762.0,Elev,0,  arrived at src, 4, Elevator call,666.0340295,4,0,2,0
762.0, elevID,0,  pos,4,  cmd, goto,5
773.0,Elev,0,  arrived at dest, 5, this call is done!, Elevator call,662.1730528,-1,5,3,0, Done, dt, 110.82694719999995
773.0,Elev,0,  arrived at src, 5, Elevator call,666.2411587,5,-1,2,0
773.0, elevID,0,  pos,5,  cmd, goto,6
780.0,Elevator call,779.3996914,-1,5,1,1, got allocated to elevator, 1
780.0, elevID,1,  pos,0,  cmd, goto,-1
784.0,Elev,0,  arrived at src, 6, Elevator call,732.9746341,6,-1,2,0
784.0, elevID,0,  pos,6,  cmd, goto,8
791.0,Elev,1,  arrived at src, -1, Elevator call,779.3996914,-1,5,2,1
791.0, elevID,1,  pos,-1,  cmd, goto,5
796.0,Elev,0,  arrived at dest, 8, this call is done!, Elevator call,665.1155549,-1,8,3,0, Done, dt, 130.8844451
796.0, elevID,0,  pos,8,  cmd, goto,10
804.0,Elev,1,  arrived at dest, 5, this call is done!, Elevator call,779.3996914,-1,5,3,1, Done, dt, 24.60030859999995
806.0,Elevator call,805.6754743,-1,-2,1,1, got allocated to elevator, 1
806.0, elevID,1,  pos,5,  cmd, goto,-1
808.0,Elev,0,  arrived at src, 10, Elevator call,713.2499766,10,-1,2,0
808.0,Elev,0,  arrived at src, 10, Elevator call,722.6161213,10,0,2,0
808.0, elevID,0,  pos,10,  cmd, goto,0
811.0,Elevator call,810.4469089,2,0,1,1, got allocated to elevator, 1
, elevID,1,  pos,5,  cmd, stop,2
817.0,Elevator call,816.1516998,7,-1,1,0, got allocated to elevator, 0
818.0,Elev,1,  arrived at src, 2, Elevator call,810.4469089,2,0,2,1
818.0, elevID,1,  pos,2,  cmd, goto,0
826.0,Elevator call,825.4575185,7,0,1,0, got allocated to elevator, 0
828.0,Elev,0,  arrived at dest, 0, this call is done!, Elevator call,666.0340295,4,0,3,0, Done, dt, 161.96597050000003
828.0,Elev,0,  arrived at dest, 0, this call is done!, Elevator call,713.0191971,1,0,3,0, Done, dt, 114.98080289999996
828.0,Elev,0,  arrived at dest, 0, this call is done!, Elevator call,722.6161213,10,0,3,0, Done, dt, 105.38387869999997
828.0,Elev,0,  arrived at dest, 0, this call is done!, Elevator call,737.3147202,1,0,3,0, Done, dt, 90.68527979999999
828.0, elevID,0,  pos,0,  cmd, goto,-1
829.0,Elev,1,  arrived at dest, 0, this call is done!, Elevator call,810.4469089,2,0,3,1, Done, dt, 18.55309109999996
829.0, elevID,1,  pos,0,  cmd, goto,-1
839.0,Elev,0,  arrived at dest, -1, this call is done!, Elevator call,666.2411587,5,-1,3,0, Done, dt, 172.75884129999997
839.0,Elev,0,  arrived at dest, -1, this call is done!, Elevator call,713.2499766,10,-1,3,0, Done, dt, 125.75002340000003
839.0,Elev,0,  arrived at dest, -1, this call is done!, Elevator call,732.9746341,6,-1,3,0, Done, dt, 106.0253659
839.0, elevID,0,  pos,-1,  cmd, goto,-2
840.0,Elevator call,839.8525653,0,1,1,0, got allocated to elevator, 0
840.0,Elev,1,  arrived at src, -1, Elevator call,805.6754743,-1,-2,2,1
840.0, elevID,1,  pos,-1,  cmd, goto,-2
850.0,Elev,0,  arrived at dest, -2, this call is done!, Elevator call,706.1583475,-1,-2,3,0, Done, dt, 143.8416525
850.0, elevID,0,  pos,-2,  cmd, goto,0
851.0,Elev,1,  arrived at dest, -2, this call is done!, Elevator call,805.6754743,-1,-2,3,1, Done, dt, 45.32452569999998
855.0,Elevator call,854.2002278,6,-1,1,1, got allocated to elevator, 1
855.0, elevID,1,  pos,-2,  cmd, goto,6
862.0,Elev,0,  arrived at src, 0, Elevator call,839.8525653,0,1,2,0
862.0, elevID,0,  pos,0,  cmd, goto,1
864.0,Elevator call,863.8932913,0,-1,1,1, got allocated to elevator, 1
869.0,Elev,1,  arrived at src, 6, Elevator call,854.2002278,6,-1,2,1
869.0, elevID,1,  pos,6,  cmd, goto,0
871.0,Elevator call,870.5053024,0,7,1,0, got allocated to elevator, 0
873.0,Elev,0,  arrived at dest, 1, this call is done!, Elevator call,839.8525653,0,1,3,0, Done, dt, 33.14743469999996
873.0, elevID,0,  pos,1,  cmd, goto,7
882.0,Elev,1,  arrived at src, 0, Elevator call,863.8932913,0,-1,2,1
882.0, elevID,1,  pos,0,  cmd, goto,-1
887.0,Elevator call,886.5649993,-1,-2,1,0, got allocated to elevator, 0
889.0,Elev,0,  arrived at src, 7, Elevator call,816.1516998,7,-1,2,0
889.0,Elev,0,  arrived at src, 7, Elevator call,825.4575185,7,0,2,0
889.0, elevID,0,  pos,7,  cmd, goto,0
893.0,Elevator call,892.5212151,9,-1,1,1, got allocated to elevator, 1
893.0,Elev,1,  arrived at dest, -1, this call is done!, Elevator call,854.2002278,6,-1,3,1, Done, dt, 38.79977220000001
893.0,Elev,1,  arrived at dest, -1, this call is done!, Elevator call,863.8932913,0,-1,3,1, Done, dt, 29.106708700000013
893.0, elevID,1,  pos,-1,  cmd, goto,9
906.0,Elev,0,  arrived at dest, 0, this call is done!, Elevator call,825.4575185,7,0,3,0, Done, dt, 80.54248150000001
906.0,Elev,0,  arrived at src, 0, Elevator call,870.5053024,0,7,2,0
906.0, elevID,0,  pos,0,  cmd, goto,-1
908.0,Elev,1,  arrived at src, 9, Elevator call,892.5212151,9,-1,2,1
908.0, elevID,1,  pos,9,  cmd, goto,-1
911.0,Elevator call,910.5388559,6,5,1,1, got allocated to elevator, 1
, elevID,1,  pos,9,  cmd, stop,6
916.0,Elevator call,915.9490575,4,-1,1,1, got allocated to elevator, 1
917.0,Elev,0,  arrived at dest, -1, this call is done!, Elevator call,816.1516998,7,-1,3,0, Done, dt, 100.84830020000004
917.0,Elev,0,  arrived at src, -1, Elevator call,886.5649993,-1,-2,2,0
917.0, elevID,0,  pos,-1,  cmd, goto,-2
920.0,Elev,1,  arrived at src, 6, Elevator call,910.5388559,6,5,2,1
920.0, elevID,1,  pos,6,  cmd, goto,5
928.0,Elev,0,  arrived at dest, -2, this call is done!, Elevator call,886.5649993,-1,-2,3,0, Done, dt, 41.435000700000046
928.0, elevID,0,  pos,-2,  cmd, goto,7
931.0,Elev,1,  arrived at dest, 5, this call is done!, Elevator call,910.5388559,6,5,3,1, Done, dt, 20.461144099999956
931.0, elevID,1,  pos,5,  cmd, goto,4
934.0,Elevator call,933.8580452,7,5,1,0, got allocated to elevator, 0
942.0,Elev,1,  arrived at src, 4, Elevator call,915.9490575,4,-1,2,1
942.0, elevID,1,  pos,4,  cmd, goto,-1
947.0,Elev,0,  arrived at dest, 7, this call is done!, Elevator call,870.5053024,0,7,3,0, Done, dt, 76.4946976
947.0,Elev,0,  arrived at src, 7, Elevator call,933.8580452,7,5,2,0
947.0, elevID,0,  pos,7,  cmd, goto,5
955.0,Elev,1,  arrived at dest, -1, this call is done!, Elevator call,892.5212151,9,-1,3,1, Done, dt, 62.47878490000005
955.0,Elev,1,  arrived at dest, -1, this call is done!, Elevator call,915.9490575,4,-1,3,1, Done, dt, 39.05094250000002
959.0,Elev,0,  arrived at dest, 5, this call is done!, Elevator call,933.8580452,7,5,3,0, Done, dt, 25.141954800000008
962.0,Elevator call,961.6862856,6,-1,1,1, got allocated to elevator, 1
962.0, elevID,1,  pos,-1,  cmd, goto,6
973.0,Elevator call,972.8032126,1,0,1,1, got allocated to elevator, 1
976.0,Elevator call,975.8361203,0,-1,1,1, got allocated to elevator, 1
976.0,Elev,1,  arrived at src, 6, Elevator call,961.6862856,6,-1,2,1
976.0, elevID,1,  pos,6,  cmd, goto,1
979.0,Elevator call,978.5925149,10,0,1,0, got allocated to elevator, 0
979.0,Elevator call,978.6210501,10,-1,1,0, got allocated to elevator, 0
979.0, elevID,0,  pos,5,  cmd, goto,10
985.0,Elevator call,984.1840186,7,0,1,0, got allocated to elevator, 0
985.0, elevID,0,  pos,6,  cmd, stop,7
989.0,Elev,1,  arrived at src, 1, Elevator call,972.8032126,1,0,2,1
989.0, elevID,1,  pos,1,  cmd, goto,0
991.0,Elev,0,  arrived at src, 7, Elevator call,984.1840186,7,0,2,0
991.0, elevID,0,  pos,7,  cmd, goto,10
1000.0,Elev,1,  arrived at dest, 0, this call is done!, Elevator call,972.8032126,1,0,3,1, Done, dt, 27.19678739999995
1000.0,Elev,1,  arrived at src, 0, Elevator call,975.8361203,0,-1,2,1
1000.0, elevID,1,  pos,0,  cmd, goto,-1
1004.0,Elev,0,  arrived at src, 10, Elevator call,978.5925149,10,0,2,0
1004.0,Elev,0,  arrived at src, 10, Elevator call,978.6210501,10,-1,2,0
1004.0, elevID,0,  pos,10,  cmd, goto,0
1011.0,Elev,1,  arrived at dest, -1, this call is done!, Elevator call,961.6862856,6,-1,3,1, Done, dt, 49.31371439999998
1011.0,Elev,1,  arrived at dest, -1, this call is done!, Elevator call,975.8361203,0,-1,3,1, Done, dt, 35.16387970000005
1024.0,Elev,0,  arrived at dest, 0, this call is done!, Elevator call,978.5925149,10,0,3,0, Done, dt, 45.40748510000003
1024.0,Elev,0,  arrived at dest, 0, this call is done!, Elevator call,984.1840186,7,0,3,0, Done, dt, 39.815981400000055
1024.0, elevID,0,  pos,0,  cmd, goto,-1
1035.0,Elev,0,  arrived at dest, -1, this call is done!, Elevator call,978.6210501,10,-1,3,0, Done, dt, 56.37894989999995
1036.0,************* Simulation Ended ************
Code Owners,212403679,208012740,  Building_file,B2.json,  Calls,out.csv
Total waiting time: 5692.0,  average waiting time per call: 56.92,  unCompleted calls,0,  certificate, -201460581
